#
# There is insufficient memory for the Java Runtime Environment to continue.
# Native memory allocation (malloc) failed to allocate 262160 bytes. Error detail: Chunk::new
# Possible reasons:
#   The system is out of physical RAM or swap space
#   This process is running with CompressedOops enabled, and the Java Heap may be blocking the growth of the native heap
# Possible solutions:
#   Reduce memory load on the system
#   Increase physical memory or swap space
#   Check if swap backing store is full
#   Decrease Java heap size (-Xmx/-Xms)
#   Decrease number of Java threads
#   Decrease Java thread stack sizes (-Xss)
#   Set larger code cache with -XX:ReservedCodeCacheSize=
#   JVM is running with Unscaled Compressed Oops mode in which the Java heap is
#     placed in the first 4GB address space. The Java Heap base address is the
#     maximum limit for the native heap growth. Please use -XX:HeapBaseMinAddress
#     to set the Java Heap base and to place the Java Heap above 4GB virtual address.
# This output file may be truncated or incomplete.
#
#  Out of Memory Error (arena.cpp:168), pid=13256, tid=1828
#
# JRE version: OpenJDK Runtime Environment (21.0.6) (build 21.0.6+-13368085-b895.109)
# Java VM: OpenJDK 64-Bit Server VM (21.0.6+-13368085-b895.109, mixed mode, tiered, compressed oops, compressed class ptrs, g1 gc, windows-amd64)
# No core dump will be written. Minidumps are not enabled by default on client versions of Windows
#

---------------  S U M M A R Y ------------

Command Line: --add-opens=java.base/java.lang=ALL-UNNAMED --add-opens=java.base/java.lang.invoke=ALL-UNNAMED --add-opens=java.base/java.util=ALL-UNNAMED --add-opens=java.prefs/java.util.prefs=ALL-UNNAMED --add-exports=jdk.compiler/com.sun.tools.javac.api=ALL-UNNAMED --add-exports=jdk.compiler/com.sun.tools.javac.util=ALL-UNNAMED --add-opens=java.base/java.util=ALL-UNNAMED --add-opens=java.prefs/java.util.prefs=ALL-UNNAMED --add-opens=java.base/java.nio.charset=ALL-UNNAMED --add-opens=java.base/java.net=ALL-UNNAMED --add-opens=java.base/java.util.concurrent.atomic=ALL-UNNAMED --add-opens=java.xml/javax.xml.namespace=ALL-UNNAMED -Xmx2048m -Dfile.encoding=UTF-8 -Duser.country=US -Duser.language=en -Duser.variant -javaagent:C:\Users\PC\.gradle\wrapper\dists\gradle-8.11.1-bin\bpt9gzteqjrbo1mjrsomdt32c\gradle-8.11.1\lib\agents\gradle-instrumentation-agent-8.11.1.jar org.gradle.launcher.daemon.bootstrap.GradleDaemon 8.11.1

Host: 12th Gen Intel(R) Core(TM) i5-1235U, 12 cores, 7G,  Windows 11 , 64 bit Build 26100 (10.0.26100.5074)
Time: Wed Oct 22 05:08:10 2025 SE Asia Standard Time elapsed time: 12.552163 seconds (0d 0h 0m 12s)

---------------  T H R E A D  ---------------

Current thread (0x000002275541b7f0):  JavaThread "C2 CompilerThread0" daemon [_thread_in_native, id=1828, stack(0x000000d5f1300000,0x000000d5f1400000) (1024K)]


Current CompileTask:
C2:12552 5999   !   4       java.net.URLClassLoader::findClass (47 bytes)

Stack: [0x000000d5f1300000,0x000000d5f1400000]
Native frames: (J=compiled Java code, j=interpreted, Vv=VM code, C=native code)
V  [jvm.dll+0x6d0639]
V  [jvm.dll+0x85eb03]
V  [jvm.dll+0x86105e]
V  [jvm.dll+0x861743]
V  [jvm.dll+0x27e6e6]
V  [jvm.dll+0xbff6d]
V  [jvm.dll+0xc04a3]
V  [jvm.dll+0xc0095]
V  [jvm.dll+0x6ad4cc]
V  [jvm.dll+0x65a6f5]
V  [jvm.dll+0x66069b]
V  [jvm.dll+0x661562]
V  [jvm.dll+0x65f94e]
V  [jvm.dll+0x247aff]
V  [jvm.dll+0x247251]
V  [jvm.dll+0x1c5f04]
V  [jvm.dll+0x2569ac]
V  [jvm.dll+0x254ef6]
V  [jvm.dll+0x3f0e96]
V  [jvm.dll+0x806ed8]
V  [jvm.dll+0x6cef0d]
C  [ucrtbase.dll+0x37b0]
C  [KERNEL32.DLL+0x2e8d7]
C  [ntdll.dll+0x8d9c]


---------------  P R O C E S S  ---------------

Threads class SMR info:
_java_thread_list=0x000002275ee00bb0, length=65, elements={
0x000002273b2a7340, 0x00000227553ed350, 0x00000227553c9860, 0x00000227553d42b0,
0x00000227553d4910, 0x00000227553d5a60, 0x00000227553d64b0, 0x000002275541b7f0,
0x000002275541c690, 0x0000022755537900, 0x0000022755729070, 0x000002275b1c9880,
0x000002275b3ca4e0, 0x000002275b0eeb10, 0x000002275b16a7b0, 0x000002275b15e810,
0x000002275b195c30, 0x000002275b1ac660, 0x000002275b2eece0, 0x000002275b2f4360,
0x000002275b30d220, 0x000002275b667320, 0x000002275b6679b0, 0x000002275b668040,
0x000002275b6686d0, 0x000002275b668d60, 0x000002275b6693f0, 0x000002275b665f70,
0x000002275b666600, 0x000002275b666c90, 0x000002275ce2db00, 0x000002275ce2ba30,
0x000002275ce2e190, 0x000002275ce2f540, 0x000002275ce2c0c0, 0x000002275ce2e820,
0x000002275ce2eeb0, 0x000002275ce2cde0, 0x000002275ce2fbd0, 0x000002275ce2c750,
0x000002275ce30260, 0x000002275ce2d470, 0x000002275ce31610, 0x000002275ce308f0,
0x000002275ba22f10, 0x000002275ba23c30, 0x000002275ba24fe0, 0x000002275ba242c0,
0x000002275ba22880, 0x000002275ba24950, 0x000002275ba21b60, 0x000002275ba25670,
0x000002275ba221f0, 0x000002275ba26390, 0x000002275ba28460, 0x000002275ba25d00,
0x000002275ba28af0, 0x000002275ba26a20, 0x000002275ba29180, 0x000002275ba270b0,
0x000002275ba27740, 0x000002275ba27dd0, 0x000002275f3be7c0, 0x000002275f3bee50,
0x000002275f3bfb70
}

Java Threads: ( => current thread )
  0x000002273b2a7340 JavaThread "main"                              [_thread_blocked, id=14108, stack(0x000000d5f0500000,0x000000d5f0600000) (1024K)]
  0x00000227553ed350 JavaThread "Reference Handler"          daemon [_thread_blocked, id=8684, stack(0x000000d5f0d00000,0x000000d5f0e00000) (1024K)]
  0x00000227553c9860 JavaThread "Finalizer"                  daemon [_thread_blocked, id=10060, stack(0x000000d5f0e00000,0x000000d5f0f00000) (1024K)]
  0x00000227553d42b0 JavaThread "Signal Dispatcher"          daemon [_thread_blocked, id=20276, stack(0x000000d5f0f00000,0x000000d5f1000000) (1024K)]
  0x00000227553d4910 JavaThread "Attach Listener"            daemon [_thread_blocked, id=21756, stack(0x000000d5f1000000,0x000000d5f1100000) (1024K)]
  0x00000227553d5a60 JavaThread "Service Thread"             daemon [_thread_blocked, id=10924, stack(0x000000d5f1100000,0x000000d5f1200000) (1024K)]
  0x00000227553d64b0 JavaThread "Monitor Deflation Thread"   daemon [_thread_blocked, id=9180, stack(0x000000d5f1200000,0x000000d5f1300000) (1024K)]
=>0x000002275541b7f0 JavaThread "C2 CompilerThread0"         daemon [_thread_in_native, id=1828, stack(0x000000d5f1300000,0x000000d5f1400000) (1024K)]
  0x000002275541c690 JavaThread "C1 CompilerThread0"         daemon [_thread_in_native, id=14048, stack(0x000000d5f1400000,0x000000d5f1500000) (1024K)]
  0x0000022755537900 JavaThread "Common-Cleaner"             daemon [_thread_blocked, id=18888, stack(0x000000d5f1500000,0x000000d5f1600000) (1024K)]
  0x0000022755729070 JavaThread "Notification Thread"        daemon [_thread_blocked, id=1324, stack(0x000000d5f1600000,0x000000d5f1700000) (1024K)]
  0x000002275b1c9880 JavaThread "Daemon health stats"               [_thread_blocked, id=22124, stack(0x000000d5f1800000,0x000000d5f1900000) (1024K)]
  0x000002275b3ca4e0 JavaThread "Incoming local TCP Connector on port 61996"        [_thread_in_native, id=16528, stack(0x000000d5f1c00000,0x000000d5f1d00000) (1024K)]
  0x000002275b0eeb10 JavaThread "Daemon periodic checks"            [_thread_blocked, id=14412, stack(0x000000d5f1d00000,0x000000d5f1e00000) (1024K)]
  0x000002275b16a7b0 JavaThread "Daemon"                            [_thread_blocked, id=21340, stack(0x000000d5f1e00000,0x000000d5f1f00000) (1024K)]
  0x000002275b15e810 JavaThread "Handler for socket connection from /127.0.0.1:61996 to /127.0.0.1:61997"        [_thread_in_native, id=17268, stack(0x000000d5f1f00000,0x000000d5f2000000) (1024K)]
  0x000002275b195c30 JavaThread "Cancel handler"                    [_thread_blocked, id=10864, stack(0x000000d5f2000000,0x000000d5f2100000) (1024K)]
  0x000002275b1ac660 JavaThread "Daemon worker"                     [_thread_in_vm, id=2480, stack(0x000000d5f2100000,0x000000d5f2200000) (1024K)]
  0x000002275b2eece0 JavaThread "Asynchronous log dispatcher for DefaultDaemonConnection: socket connection from /127.0.0.1:61996 to /127.0.0.1:61997"        [_thread_blocked, id=21736, stack(0x000000d5f2200000,0x000000d5f2300000) (1024K)]
  0x000002275b2f4360 JavaThread "Stdin handler"                     [_thread_blocked, id=2708, stack(0x000000d5f2300000,0x000000d5f2400000) (1024K)]
  0x000002275b30d220 JavaThread "Daemon client event forwarder"        [_thread_blocked, id=14176, stack(0x000000d5f2400000,0x000000d5f2500000) (1024K)]
  0x000002275b667320 JavaThread "Cache worker for journal cache (C:\Users\PC\.gradle\caches\journal-1)"        [_thread_blocked, id=1808, stack(0x000000d5f2c00000,0x000000d5f2d00000) (1024K)]
  0x000002275b6679b0 JavaThread "File lock request listener"        [_thread_in_native, id=21444, stack(0x000000d5f2d00000,0x000000d5f2e00000) (1024K)]
  0x000002275b668040 JavaThread "Cache worker for file hash cache (C:\Users\PC\.gradle\caches\8.11.1\fileHashes)"        [_thread_blocked, id=20396, stack(0x000000d5f2e00000,0x000000d5f2f00000) (1024K)]
  0x000002275b6686d0 JavaThread "Cache worker for file content cache (C:\Users\PC\.gradle\caches\8.11.1\fileContent)"        [_thread_blocked, id=22356, stack(0x000000d5f3100000,0x000000d5f3200000) (1024K)]
  0x000002275b668d60 JavaThread "Cache worker for file hash cache (C:\Users\PC\OneDrive\Documents\GitHub\BTAndroid-TamHuy\ViDuListView\.gradle\8.11.1\fileHashes)"        [_thread_blocked, id=17184, stack(0x000000d5f3200000,0x000000d5f3300000) (1024K)]
  0x000002275b6693f0 JavaThread "Cache worker for Build Output Cleanup Cache (C:\Users\PC\OneDrive\Documents\GitHub\BTAndroid-TamHuy\ViDuListView\.gradle\buildOutputCleanup)"        [_thread_blocked, id=8028, stack(0x000000d5f3300000,0x000000d5f3400000) (1024K)]
  0x000002275b665f70 JavaThread "File watcher server"        daemon [_thread_in_native, id=16044, stack(0x000000d5f3400000,0x000000d5f3500000) (1024K)]
  0x000002275b666600 JavaThread "File watcher consumer"      daemon [_thread_blocked, id=21832, stack(0x000000d5f3500000,0x000000d5f3600000) (1024K)]
  0x000002275b666c90 JavaThread "jar transforms"                    [_thread_blocked, id=8220, stack(0x000000d5f3600000,0x000000d5f3700000) (1024K)]
  0x000002275ce2db00 JavaThread "jar transforms Thread 2"           [_thread_blocked, id=19620, stack(0x000000d5f3700000,0x000000d5f3800000) (1024K)]
  0x000002275ce2ba30 JavaThread "jar transforms Thread 3"           [_thread_blocked, id=4232, stack(0x000000d5f3800000,0x000000d5f3900000) (1024K)]
  0x000002275ce2e190 JavaThread "jar transforms Thread 4"           [_thread_blocked, id=6536, stack(0x000000d5f3900000,0x000000d5f3a00000) (1024K)]
  0x000002275ce2f540 JavaThread "jar transforms Thread 5"           [_thread_blocked, id=13376, stack(0x000000d5f3a00000,0x000000d5f3b00000) (1024K)]
  0x000002275ce2c0c0 JavaThread "jar transforms Thread 6"           [_thread_blocked, id=4136, stack(0x000000d5f3b00000,0x000000d5f3c00000) (1024K)]
  0x000002275ce2e820 JavaThread "jar transforms Thread 7"           [_thread_blocked, id=13768, stack(0x000000d5f3c00000,0x000000d5f3d00000) (1024K)]
  0x000002275ce2eeb0 JavaThread "jar transforms Thread 8"           [_thread_blocked, id=22488, stack(0x000000d5f3d00000,0x000000d5f3e00000) (1024K)]
  0x000002275ce2cde0 JavaThread "jar transforms Thread 9"           [_thread_blocked, id=21692, stack(0x000000d5f3e00000,0x000000d5f3f00000) (1024K)]
  0x000002275ce2fbd0 JavaThread "jar transforms Thread 10"          [_thread_blocked, id=11052, stack(0x000000d5f3f00000,0x000000d5f4000000) (1024K)]
  0x000002275ce2c750 JavaThread "jar transforms Thread 11"          [_thread_blocked, id=16248, stack(0x000000d5f4000000,0x000000d5f4100000) (1024K)]
  0x000002275ce30260 JavaThread "jar transforms Thread 12"          [_thread_blocked, id=8952, stack(0x000000d5f4100000,0x000000d5f4200000) (1024K)]
  0x000002275ce2d470 JavaThread "Cache worker for checksums cache (C:\Users\PC\OneDrive\Documents\GitHub\BTAndroid-TamHuy\ViDuListView\.gradle\8.11.1\checksums)"        [_thread_blocked, id=3832, stack(0x000000d5f3000000,0x000000d5f3100000) (1024K)]
  0x000002275ce31610 JavaThread "Cache worker for cache directory md-rule (C:\Users\PC\.gradle\caches\8.11.1\md-rule)"        [_thread_blocked, id=16612, stack(0x000000d5f4200000,0x000000d5f4300000) (1024K)]
  0x000002275ce308f0 JavaThread "Cache worker for cache directory md-supplier (C:\Users\PC\.gradle\caches\8.11.1\md-supplier)"        [_thread_blocked, id=11996, stack(0x000000d5f4300000,0x000000d5f4400000) (1024K)]
  0x000002275ba22f10 JavaThread "Unconstrained build operations"        [_thread_blocked, id=16068, stack(0x000000d5f4400000,0x000000d5f4500000) (1024K)]
  0x000002275ba23c30 JavaThread "Unconstrained build operations Thread 2"        [_thread_blocked, id=17656, stack(0x000000d5f4500000,0x000000d5f4600000) (1024K)]
  0x000002275ba24fe0 JavaThread "Unconstrained build operations Thread 3"        [_thread_blocked, id=12680, stack(0x000000d5f4600000,0x000000d5f4700000) (1024K)]
  0x000002275ba242c0 JavaThread "Unconstrained build operations Thread 4"        [_thread_blocked, id=860, stack(0x000000d5f4700000,0x000000d5f4800000) (1024K)]
  0x000002275ba22880 JavaThread "Unconstrained build operations Thread 5"        [_thread_blocked, id=12572, stack(0x000000d5f4800000,0x000000d5f4900000) (1024K)]
  0x000002275ba24950 JavaThread "Unconstrained build operations Thread 6"        [_thread_blocked, id=4416, stack(0x000000d5f4900000,0x000000d5f4a00000) (1024K)]
  0x000002275ba21b60 JavaThread "Unconstrained build operations Thread 7"        [_thread_blocked, id=20880, stack(0x000000d5f4a00000,0x000000d5f4b00000) (1024K)]
  0x000002275ba25670 JavaThread "Unconstrained build operations Thread 8"        [_thread_blocked, id=10080, stack(0x000000d5f4b00000,0x000000d5f4c00000) (1024K)]
  0x000002275ba221f0 JavaThread "Unconstrained build operations Thread 9"        [_thread_blocked, id=14328, stack(0x000000d5f4c00000,0x000000d5f4d00000) (1024K)]
  0x000002275ba26390 JavaThread "Unconstrained build operations Thread 10"        [_thread_blocked, id=8440, stack(0x000000d5f4d00000,0x000000d5f4e00000) (1024K)]
  0x000002275ba28460 JavaThread "Unconstrained build operations Thread 11"        [_thread_blocked, id=15140, stack(0x000000d5f4e00000,0x000000d5f4f00000) (1024K)]
  0x000002275ba25d00 JavaThread "Unconstrained build operations Thread 12"        [_thread_blocked, id=15232, stack(0x000000d5f4f00000,0x000000d5f5000000) (1024K)]
  0x000002275ba28af0 JavaThread "Unconstrained build operations Thread 13"        [_thread_blocked, id=20640, stack(0x000000d5f5000000,0x000000d5f5100000) (1024K)]
  0x000002275ba26a20 JavaThread "Unconstrained build operations Thread 14"        [_thread_blocked, id=8068, stack(0x000000d5f5100000,0x000000d5f5200000) (1024K)]
  0x000002275ba29180 JavaThread "Unconstrained build operations Thread 15"        [_thread_blocked, id=20132, stack(0x000000d5f5200000,0x000000d5f5300000) (1024K)]
  0x000002275ba270b0 JavaThread "Unconstrained build operations Thread 16"        [_thread_blocked, id=2072, stack(0x000000d5f5300000,0x000000d5f5400000) (1024K)]
  0x000002275ba27740 JavaThread "Unconstrained build operations Thread 17"        [_thread_blocked, id=8916, stack(0x000000d5f5400000,0x000000d5f5500000) (1024K)]
  0x000002275ba27dd0 JavaThread "Unconstrained build operations Thread 18"        [_thread_blocked, id=15396, stack(0x000000d5f5500000,0x000000d5f5600000) (1024K)]
  0x000002275f3be7c0 JavaThread "Unconstrained build operations Thread 19"        [_thread_blocked, id=4088, stack(0x000000d5f5600000,0x000000d5f5700000) (1024K)]
  0x000002275f3bee50 JavaThread "Unconstrained build operations Thread 20"        [_thread_blocked, id=21664, stack(0x000000d5f5700000,0x000000d5f5800000) (1024K)]
  0x000002275f3bfb70 JavaThread "Unconstrained build operations Thread 21"        [_thread_blocked, id=15964, stack(0x000000d5f5800000,0x000000d5f5900000) (1024K)]
Total: 65

Other Threads:
  0x0000022755380590 VMThread "VM Thread"                           [id=5548, stack(0x000000d5f0c00000,0x000000d5f0d00000) (1024K)]
  0x0000022754936080 WatcherThread "VM Periodic Task Thread"        [id=22196, stack(0x000000d5f0b00000,0x000000d5f0c00000) (1024K)]
  0x000002273d7254f0 WorkerThread "GC Thread#0"                     [id=11252, stack(0x000000d5f0600000,0x000000d5f0700000) (1024K)]
  0x00000227558265b0 WorkerThread "GC Thread#1"                     [id=7856, stack(0x000000d5f1900000,0x000000d5f1a00000) (1024K)]
  0x0000022755e8b160 WorkerThread "GC Thread#2"                     [id=22120, stack(0x000000d5f1a00000,0x000000d5f1b00000) (1024K)]
  0x000002275a11d740 WorkerThread "GC Thread#3"                     [id=11056, stack(0x000000d5f1b00000,0x000000d5f1c00000) (1024K)]
  0x000002275a69e160 WorkerThread "GC Thread#4"                     [id=21420, stack(0x000000d5f1700000,0x000000d5f1800000) (1024K)]
  0x000002275b30eca0 WorkerThread "GC Thread#5"                     [id=17992, stack(0x000000d5f2500000,0x000000d5f2600000) (1024K)]
  0x000002275b3016f0 WorkerThread "GC Thread#6"                     [id=18980, stack(0x000000d5f2600000,0x000000d5f2700000) (1024K)]
  0x000002275b304300 WorkerThread "GC Thread#7"                     [id=8956, stack(0x000000d5f2700000,0x000000d5f2800000) (1024K)]
  0x000002275b3046a0 WorkerThread "GC Thread#8"                     [id=10076, stack(0x000000d5f2800000,0x000000d5f2900000) (1024K)]
  0x000002275b306a80 WorkerThread "GC Thread#9"                     [id=11788, stack(0x000000d5f2900000,0x000000d5f2a00000) (1024K)]
  0x000002273d737220 ConcurrentGCThread "G1 Main Marker"            [id=10280, stack(0x000000d5f0700000,0x000000d5f0800000) (1024K)]
  0x000002273d737c30 WorkerThread "G1 Conc#0"                       [id=12240, stack(0x000000d5f0800000,0x000000d5f0900000) (1024K)]
  0x000002275b305c00 WorkerThread "G1 Conc#1"                       [id=19224, stack(0x000000d5f2a00000,0x000000d5f2b00000) (1024K)]
  0x000002275b305fa0 WorkerThread "G1 Conc#2"                       [id=19628, stack(0x000000d5f2b00000,0x000000d5f2c00000) (1024K)]
  0x00000227548099a0 ConcurrentGCThread "G1 Refine#0"               [id=18580, stack(0x000000d5f0900000,0x000000d5f0a00000) (1024K)]
  0x000002275480b2d0 ConcurrentGCThread "G1 Service"                [id=21952, stack(0x000000d5f0a00000,0x000000d5f0b00000) (1024K)]
Total: 18

Threads with active compile tasks:
C2 CompilerThread0  12594 5999   !   4       java.net.URLClassLoader::findClass (47 bytes)
Total: 1

VM state: not at safepoint (normal execution)

VM Mutex/Monitor currently owned by a thread: None

Heap address: 0x0000000080000000, size: 2048 MB, Compressed Oops mode: 32-bit

CDS archive(s) not mapped
Compressed class space mapped at: 0x0000000100000000-0x0000000140000000, reserved size: 1073741824
Narrow klass base: 0x0000000000000000, Narrow klass shift: 3, Narrow klass range: 0x140000000

GC Precious Log:
 CardTable entry size: 512
 Card Set container configuration: InlinePtr #cards 5 size 8 Array Of Cards #cards 12 size 40 Howl #buckets 4 coarsen threshold 1843 Howl Bitmap #cards 512 size 80 coarsen threshold 460 Card regions per heap region 1 cards per card region 2048
 CPUs: 12 total, 12 available
 Memory: 7876M
 Large Page Support: Disabled
 NUMA Support: Disabled
 Compressed Oops: Enabled (32-bit)
 Heap Region Size: 1M
 Heap Min Capacity: 8M
 Heap Initial Capacity: 124M
 Heap Max Capacity: 2G
 Pre-touch: Disabled
 Parallel Workers: 10
 Concurrent Workers: 3
 Concurrent Refinement Workers: 10
 Periodic GC: Disabled

Heap:
 garbage-first heap   total 158720K, used 128790K [0x0000000080000000, 0x0000000100000000)
  region size 1024K, 54 young (55296K), 1 survivors (1024K)
 Metaspace       used 67111K, committed 68736K, reserved 1114112K
  class space    used 9384K, committed 10176K, reserved 1048576K

Heap Regions: E=young(eden), S=young(survivor), O=old, HS=humongous(starts), HC=humongous(continues), CS=collection set, F=free, TAMS=top-at-mark-start, PB=parsable bottom
|   0|0x0000000080000000, 0x0000000080100000, 0x0000000080100000|100%| O|  |TAMS 0x0000000080000000| PB 0x0000000080000000| Untracked 
|   1|0x0000000080100000, 0x0000000080200000, 0x0000000080200000|100%|HS|  |TAMS 0x0000000080100000| PB 0x0000000080100000| Complete 
|   2|0x0000000080200000, 0x0000000080300000, 0x0000000080300000|100%|HC|  |TAMS 0x0000000080200000| PB 0x0000000080200000| Complete 
|   3|0x0000000080300000, 0x0000000080400000, 0x0000000080400000|100%|HC|  |TAMS 0x0000000080300000| PB 0x0000000080300000| Complete 
|   4|0x0000000080400000, 0x0000000080500000, 0x0000000080500000|100%| O|  |TAMS 0x0000000080400000| PB 0x0000000080400000| Untracked 
|   5|0x0000000080500000, 0x0000000080600000, 0x0000000080600000|100%| O|  |TAMS 0x0000000080500000| PB 0x0000000080500000| Untracked 
|   6|0x0000000080600000, 0x0000000080700000, 0x0000000080700000|100%| O|  |TAMS 0x0000000080600000| PB 0x0000000080600000| Untracked 
|   7|0x0000000080700000, 0x0000000080800000, 0x0000000080800000|100%|HS|  |TAMS 0x0000000080700000| PB 0x0000000080700000| Complete 
|   8|0x0000000080800000, 0x0000000080900000, 0x0000000080900000|100%| O|  |TAMS 0x0000000080800000| PB 0x0000000080800000| Untracked 
|   9|0x0000000080900000, 0x0000000080a00000, 0x0000000080a00000|100%| O|  |TAMS 0x0000000080900000| PB 0x0000000080900000| Untracked 
|  10|0x0000000080a00000, 0x0000000080b00000, 0x0000000080b00000|100%| O|  |TAMS 0x0000000080a00000| PB 0x0000000080a00000| Untracked 
|  11|0x0000000080b00000, 0x0000000080c00000, 0x0000000080c00000|100%|HS|  |TAMS 0x0000000080b00000| PB 0x0000000080b00000| Complete 
|  12|0x0000000080c00000, 0x0000000080cdeff0, 0x0000000080d00000| 87%| O|  |TAMS 0x0000000080c00000| PB 0x0000000080c00000| Untracked 
|  13|0x0000000080d00000, 0x0000000080e00000, 0x0000000080e00000|100%|HS|  |TAMS 0x0000000080d00000| PB 0x0000000080d00000| Complete 
|  14|0x0000000080e00000, 0x0000000080f00000, 0x0000000080f00000|100%|HC|  |TAMS 0x0000000080e00000| PB 0x0000000080e00000| Complete 
|  15|0x0000000080f00000, 0x0000000081000000, 0x0000000081000000|100%|HC|  |TAMS 0x0000000080f00000| PB 0x0000000080f00000| Complete 
|  16|0x0000000081000000, 0x0000000081100000, 0x0000000081100000|100%|HC|  |TAMS 0x0000000081000000| PB 0x0000000081000000| Complete 
|  17|0x0000000081100000, 0x0000000081200000, 0x0000000081200000|100%|HC|  |TAMS 0x0000000081100000| PB 0x0000000081100000| Complete 
|  18|0x0000000081200000, 0x0000000081300000, 0x0000000081300000|100%|HC|  |TAMS 0x0000000081200000| PB 0x0000000081200000| Complete 
|  19|0x0000000081300000, 0x0000000081400000, 0x0000000081400000|100%|HS|  |TAMS 0x0000000081300000| PB 0x0000000081300000| Complete 
|  20|0x0000000081400000, 0x0000000081500000, 0x0000000081500000|100%|HC|  |TAMS 0x0000000081400000| PB 0x0000000081400000| Complete 
|  21|0x0000000081500000, 0x0000000081600000, 0x0000000081600000|100%|HC|  |TAMS 0x0000000081500000| PB 0x0000000081500000| Complete 
|  22|0x0000000081600000, 0x0000000081700000, 0x0000000081700000|100%|HC|  |TAMS 0x0000000081600000| PB 0x0000000081600000| Complete 
|  23|0x0000000081700000, 0x0000000081800000, 0x0000000081800000|100%|HS|  |TAMS 0x0000000081700000| PB 0x0000000081700000| Complete 
|  24|0x0000000081800000, 0x0000000081900000, 0x0000000081900000|100%|HC|  |TAMS 0x0000000081800000| PB 0x0000000081800000| Complete 
|  25|0x0000000081900000, 0x0000000081a00000, 0x0000000081a00000|100%| O|  |TAMS 0x0000000081900000| PB 0x0000000081900000| Untracked 
|  26|0x0000000081a00000, 0x0000000081b00000, 0x0000000081b00000|100%| O|  |TAMS 0x0000000081a00000| PB 0x0000000081a00000| Untracked 
|  27|0x0000000081b00000, 0x0000000081c00000, 0x0000000081c00000|100%|HS|  |TAMS 0x0000000081b00000| PB 0x0000000081b00000| Complete 
|  28|0x0000000081c00000, 0x0000000081d00000, 0x0000000081d00000|100%| O|  |TAMS 0x0000000081c00000| PB 0x0000000081c00000| Untracked 
|  29|0x0000000081d00000, 0x0000000081e00000, 0x0000000081e00000|100%| O|  |TAMS 0x0000000081d00000| PB 0x0000000081d00000| Untracked 
|  30|0x0000000081e00000, 0x0000000081f00000, 0x0000000081f00000|100%| O|  |TAMS 0x0000000081e00000| PB 0x0000000081e00000| Untracked 
|  31|0x0000000081f00000, 0x0000000082000000, 0x0000000082000000|100%| O|  |TAMS 0x0000000081f00000| PB 0x0000000081f00000| Untracked 
|  32|0x0000000082000000, 0x0000000082100000, 0x0000000082100000|100%| O|  |TAMS 0x0000000082000000| PB 0x0000000082000000| Untracked 
|  33|0x0000000082100000, 0x0000000082200000, 0x0000000082200000|100%| O|  |TAMS 0x0000000082100000| PB 0x0000000082100000| Untracked 
|  34|0x0000000082200000, 0x0000000082300000, 0x0000000082300000|100%| O|  |TAMS 0x0000000082200000| PB 0x0000000082200000| Untracked 
|  35|0x0000000082300000, 0x0000000082400000, 0x0000000082400000|100%| O|  |TAMS 0x0000000082300000| PB 0x0000000082300000| Untracked 
|  36|0x0000000082400000, 0x0000000082500000, 0x0000000082500000|100%| O|Cm|TAMS 0x0000000082400000| PB 0x0000000082400000| Complete 
|  37|0x0000000082500000, 0x0000000082600000, 0x0000000082600000|100%| O|  |TAMS 0x0000000082500000| PB 0x0000000082500000| Untracked 
|  38|0x0000000082600000, 0x0000000082700000, 0x0000000082700000|100%| O|  |TAMS 0x0000000082600000| PB 0x0000000082600000| Untracked 
|  39|0x0000000082700000, 0x0000000082800000, 0x0000000082800000|100%| O|  |TAMS 0x0000000082700000| PB 0x0000000082700000| Untracked 
|  40|0x0000000082800000, 0x0000000082900000, 0x0000000082900000|100%| O|  |TAMS 0x0000000082800000| PB 0x0000000082800000| Untracked 
|  41|0x0000000082900000, 0x0000000082a00000, 0x0000000082a00000|100%|HS|  |TAMS 0x0000000082900000| PB 0x0000000082900000| Complete 
|  42|0x0000000082a00000, 0x0000000082b00000, 0x0000000082b00000|100%|HC|  |TAMS 0x0000000082a00000| PB 0x0000000082a00000| Complete 
|  43|0x0000000082b00000, 0x0000000082c00000, 0x0000000082c00000|100%| O|  |TAMS 0x0000000082b00000| PB 0x0000000082b00000| Untracked 
|  44|0x0000000082c00000, 0x0000000082d00000, 0x0000000082d00000|100%| O|  |TAMS 0x0000000082c00000| PB 0x0000000082c00000| Untracked 
|  45|0x0000000082d00000, 0x0000000082d00000, 0x0000000082e00000|  0%| F|  |TAMS 0x0000000082d00000| PB 0x0000000082d00000| Untracked 
|  46|0x0000000082e00000, 0x0000000082f00000, 0x0000000082f00000|100%| O|  |TAMS 0x0000000082e00000| PB 0x0000000082e00000| Untracked 
|  47|0x0000000082f00000, 0x0000000083000000, 0x0000000083000000|100%| O|  |TAMS 0x0000000082f00000| PB 0x0000000082f00000| Untracked 
|  48|0x0000000083000000, 0x0000000083000000, 0x0000000083100000|  0%| F|  |TAMS 0x0000000083000000| PB 0x0000000083000000| Untracked 
|  49|0x0000000083100000, 0x0000000083200000, 0x0000000083200000|100%| O|  |TAMS 0x0000000083100000| PB 0x0000000083100000| Untracked 
|  50|0x0000000083200000, 0x0000000083300000, 0x0000000083300000|100%| O|  |TAMS 0x0000000083200000| PB 0x0000000083200000| Untracked 
|  51|0x0000000083300000, 0x0000000083400000, 0x0000000083400000|100%| O|  |TAMS 0x0000000083300000| PB 0x0000000083300000| Untracked 
|  52|0x0000000083400000, 0x0000000083500000, 0x0000000083500000|100%| O|  |TAMS 0x0000000083400000| PB 0x0000000083400000| Untracked 
|  53|0x0000000083500000, 0x00000000835553c0, 0x0000000083600000| 33%| O|  |TAMS 0x0000000083500000| PB 0x0000000083500000| Untracked 
|  54|0x0000000083600000, 0x0000000083600000, 0x0000000083700000|  0%| F|  |TAMS 0x0000000083600000| PB 0x0000000083600000| Untracked 
|  55|0x0000000083700000, 0x0000000083700000, 0x0000000083800000|  0%| F|  |TAMS 0x0000000083700000| PB 0x0000000083700000| Untracked 
|  56|0x0000000083800000, 0x0000000083900000, 0x0000000083900000|100%|HS|  |TAMS 0x0000000083800000| PB 0x0000000083800000| Complete 
|  57|0x0000000083900000, 0x0000000083a00000, 0x0000000083a00000|100%|HC|  |TAMS 0x0000000083900000| PB 0x0000000083900000| Complete 
|  58|0x0000000083a00000, 0x0000000083b00000, 0x0000000083b00000|100%|HC|  |TAMS 0x0000000083a00000| PB 0x0000000083a00000| Complete 
|  59|0x0000000083b00000, 0x0000000083c00000, 0x0000000083c00000|100%|HC|  |TAMS 0x0000000083b00000| PB 0x0000000083b00000| Complete 
|  60|0x0000000083c00000, 0x0000000083d00000, 0x0000000083d00000|100%|HC|  |TAMS 0x0000000083c00000| PB 0x0000000083c00000| Complete 
|  61|0x0000000083d00000, 0x0000000083e00000, 0x0000000083e00000|100%|HC|  |TAMS 0x0000000083d00000| PB 0x0000000083d00000| Complete 
|  62|0x0000000083e00000, 0x0000000083e00000, 0x0000000083f00000|  0%| F|  |TAMS 0x0000000083e00000| PB 0x0000000083e00000| Untracked 
|  63|0x0000000083f00000, 0x0000000083f00000, 0x0000000084000000|  0%| F|  |TAMS 0x0000000083f00000| PB 0x0000000083f00000| Untracked 
|  64|0x0000000084000000, 0x0000000084000000, 0x0000000084100000|  0%| F|  |TAMS 0x0000000084000000| PB 0x0000000084000000| Untracked 
|  65|0x0000000084100000, 0x0000000084100000, 0x0000000084200000|  0%| F|  |TAMS 0x0000000084100000| PB 0x0000000084100000| Untracked 
|  66|0x0000000084200000, 0x0000000084200000, 0x0000000084300000|  0%| F|  |TAMS 0x0000000084200000| PB 0x0000000084200000| Untracked 
|  67|0x0000000084300000, 0x0000000084300000, 0x0000000084400000|  0%| F|  |TAMS 0x0000000084300000| PB 0x0000000084300000| Untracked 
|  68|0x0000000084400000, 0x0000000084400000, 0x0000000084500000|  0%| F|  |TAMS 0x0000000084400000| PB 0x0000000084400000| Untracked 
|  69|0x0000000084500000, 0x0000000084500000, 0x0000000084600000|  0%| F|  |TAMS 0x0000000084500000| PB 0x0000000084500000| Untracked 
|  70|0x0000000084600000, 0x0000000084600000, 0x0000000084700000|  0%| F|  |TAMS 0x0000000084600000| PB 0x0000000084600000| Untracked 
|  71|0x0000000084700000, 0x0000000084700000, 0x0000000084800000|  0%| F|  |TAMS 0x0000000084700000| PB 0x0000000084700000| Untracked 
|  72|0x0000000084800000, 0x0000000084800000, 0x0000000084900000|  0%| F|  |TAMS 0x0000000084800000| PB 0x0000000084800000| Untracked 
|  73|0x0000000084900000, 0x0000000084900000, 0x0000000084a00000|  0%| F|  |TAMS 0x0000000084900000| PB 0x0000000084900000| Untracked 
|  74|0x0000000084a00000, 0x0000000084a00000, 0x0000000084b00000|  0%| F|  |TAMS 0x0000000084a00000| PB 0x0000000084a00000| Untracked 
|  75|0x0000000084b00000, 0x0000000084b00000, 0x0000000084c00000|  0%| F|  |TAMS 0x0000000084b00000| PB 0x0000000084b00000| Untracked 
|  76|0x0000000084c00000, 0x0000000084c00000, 0x0000000084d00000|  0%| F|  |TAMS 0x0000000084c00000| PB 0x0000000084c00000| Untracked 
|  77|0x0000000084d00000, 0x0000000084d00000, 0x0000000084e00000|  0%| F|  |TAMS 0x0000000084d00000| PB 0x0000000084d00000| Untracked 
|  78|0x0000000084e00000, 0x0000000084e00000, 0x0000000084f00000|  0%| F|  |TAMS 0x0000000084e00000| PB 0x0000000084e00000| Untracked 
|  79|0x0000000084f00000, 0x0000000084f00000, 0x0000000085000000|  0%| F|  |TAMS 0x0000000084f00000| PB 0x0000000084f00000| Untracked 
|  80|0x0000000085000000, 0x0000000085000000, 0x0000000085100000|  0%| F|  |TAMS 0x0000000085000000| PB 0x0000000085000000| Untracked 
|  81|0x0000000085100000, 0x0000000085100000, 0x0000000085200000|  0%| F|  |TAMS 0x0000000085100000| PB 0x0000000085100000| Untracked 
|  82|0x0000000085200000, 0x0000000085291700, 0x0000000085300000| 56%| S|CS|TAMS 0x0000000085200000| PB 0x0000000085200000| Complete 
|  83|0x0000000085300000, 0x0000000085300000, 0x0000000085400000|  0%| F|  |TAMS 0x0000000085300000| PB 0x0000000085300000| Untracked 
|  84|0x0000000085400000, 0x0000000085400000, 0x0000000085500000|  0%| F|  |TAMS 0x0000000085400000| PB 0x0000000085400000| Untracked 
|  85|0x0000000085500000, 0x0000000085500000, 0x0000000085600000|  0%| F|  |TAMS 0x0000000085500000| PB 0x0000000085500000| Untracked 
|  86|0x0000000085600000, 0x0000000085700000, 0x0000000085700000|100%| E|  |TAMS 0x0000000085600000| PB 0x0000000085600000| Complete 
|  87|0x0000000085700000, 0x0000000085800000, 0x0000000085800000|100%| E|CS|TAMS 0x0000000085700000| PB 0x0000000085700000| Complete 
|  88|0x0000000085800000, 0x0000000085900000, 0x0000000085900000|100%| E|CS|TAMS 0x0000000085800000| PB 0x0000000085800000| Complete 
|  89|0x0000000085900000, 0x0000000085a00000, 0x0000000085a00000|100%| E|CS|TAMS 0x0000000085900000| PB 0x0000000085900000| Complete 
|  90|0x0000000085a00000, 0x0000000085b00000, 0x0000000085b00000|100%| E|CS|TAMS 0x0000000085a00000| PB 0x0000000085a00000| Complete 
|  91|0x0000000085b00000, 0x0000000085c00000, 0x0000000085c00000|100%| E|CS|TAMS 0x0000000085b00000| PB 0x0000000085b00000| Complete 
|  92|0x0000000085c00000, 0x0000000085d00000, 0x0000000085d00000|100%| E|CS|TAMS 0x0000000085c00000| PB 0x0000000085c00000| Complete 
|  93|0x0000000085d00000, 0x0000000085e00000, 0x0000000085e00000|100%| E|CS|TAMS 0x0000000085d00000| PB 0x0000000085d00000| Complete 
|  94|0x0000000085e00000, 0x0000000085f00000, 0x0000000085f00000|100%|HS|  |TAMS 0x0000000085e00000| PB 0x0000000085e00000| Complete 
|  95|0x0000000085f00000, 0x0000000086000000, 0x0000000086000000|100%|HC|  |TAMS 0x0000000085f00000| PB 0x0000000085f00000| Complete 
|  96|0x0000000086000000, 0x0000000086100000, 0x0000000086100000|100%|HC|  |TAMS 0x0000000086000000| PB 0x0000000086000000| Complete 
|  97|0x0000000086100000, 0x0000000086200000, 0x0000000086200000|100%|HC|  |TAMS 0x0000000086100000| PB 0x0000000086100000| Complete 
|  98|0x0000000086200000, 0x0000000086300000, 0x0000000086300000|100%|HC|  |TAMS 0x0000000086200000| PB 0x0000000086200000| Complete 
|  99|0x0000000086300000, 0x0000000086400000, 0x0000000086400000|100%|HC|  |TAMS 0x0000000086300000| PB 0x0000000086300000| Complete 
| 100|0x0000000086400000, 0x0000000086500000, 0x0000000086500000|100%| E|CS|TAMS 0x0000000086400000| PB 0x0000000086400000| Complete 
| 101|0x0000000086500000, 0x0000000086600000, 0x0000000086600000|100%| E|CS|TAMS 0x0000000086500000| PB 0x0000000086500000| Complete 
| 102|0x0000000086600000, 0x0000000086700000, 0x0000000086700000|100%| E|CS|TAMS 0x0000000086600000| PB 0x0000000086600000| Complete 
| 103|0x0000000086700000, 0x0000000086800000, 0x0000000086800000|100%| E|CS|TAMS 0x0000000086700000| PB 0x0000000086700000| Complete 
| 104|0x0000000086800000, 0x0000000086900000, 0x0000000086900000|100%| E|CS|TAMS 0x0000000086800000| PB 0x0000000086800000| Complete 
| 105|0x0000000086900000, 0x0000000086a00000, 0x0000000086a00000|100%| E|CS|TAMS 0x0000000086900000| PB 0x0000000086900000| Complete 
| 106|0x0000000086a00000, 0x0000000086b00000, 0x0000000086b00000|100%| E|CS|TAMS 0x0000000086a00000| PB 0x0000000086a00000| Complete 
| 107|0x0000000086b00000, 0x0000000086c00000, 0x0000000086c00000|100%| E|CS|TAMS 0x0000000086b00000| PB 0x0000000086b00000| Complete 
| 108|0x0000000086c00000, 0x0000000086d00000, 0x0000000086d00000|100%| E|CS|TAMS 0x0000000086c00000| PB 0x0000000086c00000| Complete 
| 109|0x0000000086d00000, 0x0000000086e00000, 0x0000000086e00000|100%| E|CS|TAMS 0x0000000086d00000| PB 0x0000000086d00000| Complete 
| 110|0x0000000086e00000, 0x0000000086f00000, 0x0000000086f00000|100%| E|CS|TAMS 0x0000000086e00000| PB 0x0000000086e00000| Complete 
| 111|0x0000000086f00000, 0x0000000087000000, 0x0000000087000000|100%| E|CS|TAMS 0x0000000086f00000| PB 0x0000000086f00000| Complete 
| 112|0x0000000087000000, 0x0000000087100000, 0x0000000087100000|100%| E|CS|TAMS 0x0000000087000000| PB 0x0000000087000000| Complete 
| 113|0x0000000087100000, 0x0000000087200000, 0x0000000087200000|100%| E|CS|TAMS 0x0000000087100000| PB 0x0000000087100000| Complete 
| 114|0x0000000087200000, 0x0000000087300000, 0x0000000087300000|100%| E|CS|TAMS 0x0000000087200000| PB 0x0000000087200000| Complete 
| 115|0x0000000087300000, 0x0000000087400000, 0x0000000087400000|100%| E|CS|TAMS 0x0000000087300000| PB 0x0000000087300000| Complete 
| 116|0x0000000087400000, 0x0000000087500000, 0x0000000087500000|100%| E|CS|TAMS 0x0000000087400000| PB 0x0000000087400000| Complete 
| 117|0x0000000087500000, 0x0000000087600000, 0x0000000087600000|100%| E|CS|TAMS 0x0000000087500000| PB 0x0000000087500000| Complete 
| 118|0x0000000087600000, 0x0000000087700000, 0x0000000087700000|100%| E|CS|TAMS 0x0000000087600000| PB 0x0000000087600000| Complete 
| 119|0x0000000087700000, 0x0000000087800000, 0x0000000087800000|100%| E|CS|TAMS 0x0000000087700000| PB 0x0000000087700000| Complete 
| 120|0x0000000087800000, 0x0000000087900000, 0x0000000087900000|100%| E|CS|TAMS 0x0000000087800000| PB 0x0000000087800000| Complete 
| 121|0x0000000087900000, 0x0000000087a00000, 0x0000000087a00000|100%| E|CS|TAMS 0x0000000087900000| PB 0x0000000087900000| Complete 
| 122|0x0000000087a00000, 0x0000000087b00000, 0x0000000087b00000|100%| E|CS|TAMS 0x0000000087a00000| PB 0x0000000087a00000| Complete 
| 123|0x0000000087b00000, 0x0000000087c00000, 0x0000000087c00000|100%| E|CS|TAMS 0x0000000087b00000| PB 0x0000000087b00000| Complete 
| 124|0x0000000087c00000, 0x0000000087d00000, 0x0000000087d00000|100%| E|CS|TAMS 0x0000000087c00000| PB 0x0000000087c00000| Complete 
| 125|0x0000000087d00000, 0x0000000087e00000, 0x0000000087e00000|100%| E|CS|TAMS 0x0000000087d00000| PB 0x0000000087d00000| Complete 
| 126|0x0000000087e00000, 0x0000000087f00000, 0x0000000087f00000|100%| E|CS|TAMS 0x0000000087e00000| PB 0x0000000087e00000| Complete 
| 127|0x0000000087f00000, 0x0000000088000000, 0x0000000088000000|100%| E|CS|TAMS 0x0000000087f00000| PB 0x0000000087f00000| Complete 
| 128|0x0000000088000000, 0x0000000088100000, 0x0000000088100000|100%| E|CS|TAMS 0x0000000088000000| PB 0x0000000088000000| Complete 
| 129|0x0000000088100000, 0x0000000088200000, 0x0000000088200000|100%| E|CS|TAMS 0x0000000088100000| PB 0x0000000088100000| Complete 
| 130|0x0000000088200000, 0x0000000088300000, 0x0000000088300000|100%| E|CS|TAMS 0x0000000088200000| PB 0x0000000088200000| Complete 
| 131|0x0000000088300000, 0x0000000088400000, 0x0000000088400000|100%| E|CS|TAMS 0x0000000088300000| PB 0x0000000088300000| Complete 
| 132|0x0000000088400000, 0x0000000088500000, 0x0000000088500000|100%| E|CS|TAMS 0x0000000088400000| PB 0x0000000088400000| Complete 
| 133|0x0000000088500000, 0x0000000088600000, 0x0000000088600000|100%| E|CS|TAMS 0x0000000088500000| PB 0x0000000088500000| Complete 
| 134|0x0000000088600000, 0x0000000088700000, 0x0000000088700000|100%| E|CS|TAMS 0x0000000088600000| PB 0x0000000088600000| Complete 
| 135|0x0000000088700000, 0x0000000088800000, 0x0000000088800000|100%| E|CS|TAMS 0x0000000088700000| PB 0x0000000088700000| Complete 
| 136|0x0000000088800000, 0x0000000088900000, 0x0000000088900000|100%| E|CS|TAMS 0x0000000088800000| PB 0x0000000088800000| Complete 
| 137|0x0000000088900000, 0x0000000088a00000, 0x0000000088a00000|100%| E|CS|TAMS 0x0000000088900000| PB 0x0000000088900000| Complete 
| 138|0x0000000088a00000, 0x0000000088b00000, 0x0000000088b00000|100%| E|CS|TAMS 0x0000000088a00000| PB 0x0000000088a00000| Complete 
| 139|0x0000000088b00000, 0x0000000088c00000, 0x0000000088c00000|100%| E|CS|TAMS 0x0000000088b00000| PB 0x0000000088b00000| Complete 
| 140|0x0000000088c00000, 0x0000000088d00000, 0x0000000088d00000|100%| E|CS|TAMS 0x0000000088c00000| PB 0x0000000088c00000| Complete 
| 141|0x0000000088d00000, 0x0000000088e00000, 0x0000000088e00000|100%| E|CS|TAMS 0x0000000088d00000| PB 0x0000000088d00000| Complete 
| 142|0x0000000088e00000, 0x0000000088f00000, 0x0000000088f00000|100%| E|CS|TAMS 0x0000000088e00000| PB 0x0000000088e00000| Complete 
| 143|0x0000000088f00000, 0x0000000089000000, 0x0000000089000000|100%| E|CS|TAMS 0x0000000088f00000| PB 0x0000000088f00000| Complete 
| 144|0x0000000089000000, 0x0000000089100000, 0x0000000089100000|100%| E|CS|TAMS 0x0000000089000000| PB 0x0000000089000000| Complete 
|2038|0x00000000ff600000, 0x00000000ff700000, 0x00000000ff700000|100%| O|  |TAMS 0x00000000ff600000| PB 0x00000000ff600000| Untracked 
|2039|0x00000000ff700000, 0x00000000ff800000, 0x00000000ff800000|100%| O|  |TAMS 0x00000000ff700000| PB 0x00000000ff700000| Untracked 
|2040|0x00000000ff800000, 0x00000000ff900000, 0x00000000ff900000|100%| O|  |TAMS 0x00000000ff800000| PB 0x00000000ff800000| Untracked 
|2041|0x00000000ff900000, 0x00000000ffa00000, 0x00000000ffa00000|100%| O|  |TAMS 0x00000000ff900000| PB 0x00000000ff900000| Untracked 
|2042|0x00000000ffa00000, 0x00000000ffb00000, 0x00000000ffb00000|100%| O|  |TAMS 0x00000000ffa00000| PB 0x00000000ffa00000| Untracked 
|2043|0x00000000ffb00000, 0x00000000ffc00000, 0x00000000ffc00000|100%| O|  |TAMS 0x00000000ffb00000| PB 0x00000000ffb00000| Untracked 
|2044|0x00000000ffc00000, 0x00000000ffd00000, 0x00000000ffd00000|100%| O|  |TAMS 0x00000000ffc00000| PB 0x00000000ffc00000| Untracked 
|2045|0x00000000ffd00000, 0x00000000ffe00000, 0x00000000ffe00000|100%| O|  |TAMS 0x00000000ffd00000| PB 0x00000000ffd00000| Untracked 
|2046|0x00000000ffe00000, 0x00000000fff00000, 0x00000000fff00000|100%| O|  |TAMS 0x00000000ffe00000| PB 0x00000000ffe00000| Untracked 
|2047|0x00000000fff00000, 0x0000000100000000, 0x0000000100000000|100%| O|  |TAMS 0x00000000fff00000| PB 0x00000000fff00000| Untracked 

Card table byte_map: [0x0000022750170000,0x0000022750570000] _byte_map_base: 0x000002274fd70000

Marking Bits: (CMBitMap*) 0x000002273d725b00
 Bits: [0x0000022750570000, 0x0000022752570000)

Polling page: 0x000002273b630000

Metaspace:

Usage:
  Non-class:     56.42 MB used.
      Class:      9.17 MB used.
       Both:     65.58 MB used.

Virtual space:
  Non-class space:       64.00 MB reserved,      57.25 MB ( 89%) committed,  1 nodes.
      Class space:        1.00 GB reserved,       9.94 MB ( <1%) committed,  1 nodes.
             Both:        1.06 GB reserved,      67.19 MB (  6%) committed. 

Chunk freelists:
   Non-Class:  5.94 MB
       Class:  6.08 MB
        Both:  12.03 MB

MaxMetaspaceSize: unlimited
CompressedClassSpaceSize: 1.00 GB
Initial GC threshold: 21.00 MB
Current GC threshold: 96.69 MB
CDS: off
 - commit_granule_bytes: 65536.
 - commit_granule_words: 8192.
 - virtual_space_node_default_size: 8388608.
 - enlarge_chunks_in_place: 1.
 - use_allocation_guard: 0.


Internal statistics:

num_allocs_failed_limit: 9.
num_arena_births: 2884.
num_arena_deaths: 0.
num_vsnodes_births: 2.
num_vsnodes_deaths: 0.
num_space_committed: 1075.
num_space_uncommitted: 0.
num_chunks_returned_to_freelist: 9.
num_chunks_taken_from_freelist: 5545.
num_chunk_merges: 9.
num_chunk_splits: 3626.
num_chunks_enlarged: 2297.
num_inconsistent_stats: 0.

CodeHeap 'non-profiled nmethods': size=120000Kb used=2866Kb max_used=2933Kb free=117133Kb
 bounds [0x00000227482f0000, 0x00000227485d0000, 0x000002274f820000]
CodeHeap 'profiled nmethods': size=120000Kb used=9608Kb max_used=9723Kb free=110391Kb
 bounds [0x0000022740820000, 0x00000227411a0000, 0x0000022747d50000]
CodeHeap 'non-nmethods': size=5760Kb used=2732Kb max_used=2739Kb free=3027Kb
 bounds [0x0000022747d50000, 0x0000022748010000, 0x00000227482f0000]
 total_blobs=6069 nmethods=5187 adapters=785
 compilation: enabled
              stopped_count=0, restarted_count=0
 full_count=0

Compilation events (20 events):
Event: 12.327 Thread 0x000002275541c690 nmethod 5995 0x0000022740fb8510 code [0x0000022740fb8920, 0x0000022740fba2c8]
Event: 12.327 Thread 0x000002275541c690 5996       3       kotlin.SafePublicationLazyImpl::<init> (30 bytes)
Event: 12.328 Thread 0x000002275541c690 nmethod 5996 0x0000022740d08410 code [0x0000022740d08640, 0x0000022740d08d60]
Event: 12.346 Thread 0x000002275541c690 5997       3       kotlin.reflect.jvm.internal.impl.renderer.DescriptorRendererOptionsImpl::property (20 bytes)
Event: 12.347 Thread 0x000002275541c690 nmethod 5997 0x0000022740a64110 code [0x0000022740a642c0, 0x0000022740a645f0]
Event: 12.347 Thread 0x000002275541c690 5998       3       kotlin.reflect.jvm.internal.impl.renderer.DescriptorRendererOptionsImpl$property$$inlined$vetoable$1::<init> (11 bytes)
Event: 12.347 Thread 0x000002275541c690 nmethod 5998 0x0000022740fb8010 code [0x0000022740fb81c0, 0x0000022740fb8440]
Event: 12.364 Thread 0x000002275541b7f0 5999   !   4       java.net.URLClassLoader::findClass (47 bytes)
Event: 12.389 Thread 0x000002275541c690 6001       3       java.util.concurrent.ConcurrentHashMap$BaseIterator::<init> (21 bytes)
Event: 12.389 Thread 0x000002275541c690 nmethod 6001 0x0000022740d07f90 code [0x0000022740d08140, 0x0000022740d08320]
Event: 12.389 Thread 0x000002275541c690 6002       3       jdk.internal.jimage.BasicImageReader::getLocationIndex (52 bytes)
Event: 12.390 Thread 0x000002275541c690 nmethod 6002 0x0000022740965c10 code [0x0000022740965e20, 0x00000227409662a8]
Event: 12.460 Thread 0x000002275541c690 6003       1       org.gradle.internal.concurrent.AbstractManagedExecutor::access$000 (5 bytes)
Event: 12.460 Thread 0x000002275541c690 nmethod 6003 0x0000022748366810 code [0x00000227483669a0, 0x0000022748366a50]
Event: 12.461 Thread 0x000002275541c690 6004       3       java.util.stream.Collectors$$Lambda/0x00000001001336a0::accept (14 bytes)
Event: 12.461 Thread 0x000002275541c690 nmethod 6004 0x00000227409eed10 code [0x00000227409eef00, 0x00000227409ef4d8]
Event: 12.514 Thread 0x000002275541c690 6005       3       java.lang.reflect.Proxy$ProxyBuilder::ensureAccess (39 bytes)
Event: 12.515 Thread 0x000002275541c690 nmethod 6005 0x0000022740e65a10 code [0x0000022740e65c80, 0x0000022740e664a8]
Event: 12.521 Thread 0x000002275541c690 6006       1       kotlin.reflect.jvm.internal.KClassImpl::getJClass (5 bytes)
Event: 12.521 Thread 0x000002275541c690 nmethod 6006 0x0000022748366510 code [0x00000227483666a0, 0x0000022748366768]

GC Heap History (20 events):
Event: 5.512 GC heap before
{Heap before GC invocations=5 (full 0):
 garbage-first heap   total 71680K, used 71157K [0x0000000080000000, 0x0000000100000000)
  region size 1024K, 58 young (59392K), 9 survivors (9216K)
 Metaspace       used 29405K, committed 29952K, reserved 1114112K
  class space    used 3738K, committed 3968K, reserved 1048576K
}
Event: 5.521 GC heap after
{Heap after GC invocations=6 (full 0):
 garbage-first heap   total 101376K, used 23570K [0x0000000080000000, 0x0000000100000000)
  region size 1024K, 7 young (7168K), 7 survivors (7168K)
 Metaspace       used 29405K, committed 29952K, reserved 1114112K
  class space    used 3738K, committed 3968K, reserved 1048576K
}
Event: 6.796 GC heap before
{Heap before GC invocations=6 (full 0):
 garbage-first heap   total 101376K, used 78866K [0x0000000080000000, 0x0000000100000000)
  region size 1024K, 51 young (52224K), 7 survivors (7168K)
 Metaspace       used 35071K, committed 35968K, reserved 1114112K
  class space    used 4695K, committed 5184K, reserved 1048576K
}
Event: 6.804 GC heap after
{Heap after GC invocations=7 (full 0):
 garbage-first heap   total 101376K, used 40827K [0x0000000080000000, 0x0000000100000000)
  region size 1024K, 8 young (8192K), 8 survivors (8192K)
 Metaspace       used 35071K, committed 35968K, reserved 1114112K
  class space    used 4695K, committed 5184K, reserved 1048576K
}
Event: 6.898 GC heap before
{Heap before GC invocations=7 (full 0):
 garbage-first heap   total 101376K, used 45947K [0x0000000080000000, 0x0000000100000000)
  region size 1024K, 14 young (14336K), 8 survivors (8192K)
 Metaspace       used 35388K, committed 36288K, reserved 1114112K
  class space    used 4750K, committed 5184K, reserved 1048576K
}
Event: 6.903 GC heap after
{Heap after GC invocations=8 (full 0):
 garbage-first heap   total 101376K, used 43833K [0x0000000080000000, 0x0000000100000000)
  region size 1024K, 2 young (2048K), 2 survivors (2048K)
 Metaspace       used 35388K, committed 36288K, reserved 1114112K
  class space    used 4750K, committed 5184K, reserved 1048576K
}
Event: 7.608 GC heap before
{Heap before GC invocations=9 (full 0):
 garbage-first heap   total 101376K, used 86841K [0x0000000080000000, 0x0000000100000000)
  region size 1024K, 44 young (45056K), 2 survivors (2048K)
 Metaspace       used 40849K, committed 42048K, reserved 1114112K
  class space    used 5627K, committed 6208K, reserved 1048576K
}
Event: 7.612 GC heap after
{Heap after GC invocations=10 (full 0):
 garbage-first heap   total 101376K, used 45581K [0x0000000080000000, 0x0000000100000000)
  region size 1024K, 4 young (4096K), 4 survivors (4096K)
 Metaspace       used 40849K, committed 42048K, reserved 1114112K
  class space    used 5627K, committed 6208K, reserved 1048576K
}
Event: 8.824 GC heap before
{Heap before GC invocations=10 (full 0):
 garbage-first heap   total 101376K, used 86541K [0x0000000080000000, 0x0000000100000000)
  region size 1024K, 45 young (46080K), 4 survivors (4096K)
 Metaspace       used 48980K, committed 50304K, reserved 1114112K
  class space    used 6630K, committed 7296K, reserved 1048576K
}
Event: 8.833 GC heap after
{Heap after GC invocations=11 (full 0):
 garbage-first heap   total 101376K, used 49543K [0x0000000080000000, 0x0000000100000000)
  region size 1024K, 6 young (6144K), 6 survivors (6144K)
 Metaspace       used 48980K, committed 50304K, reserved 1114112K
  class space    used 6630K, committed 7296K, reserved 1048576K
}
Event: 9.134 GC heap before
{Heap before GC invocations=11 (full 0):
 garbage-first heap   total 101376K, used 76167K [0x0000000080000000, 0x0000000100000000)
  region size 1024K, 33 young (33792K), 6 survivors (6144K)
 Metaspace       used 49750K, committed 51072K, reserved 1114112K
  class space    used 6702K, committed 7360K, reserved 1048576K
}
Event: 9.139 GC heap after
{Heap after GC invocations=12 (full 0):
 garbage-first heap   total 101376K, used 53092K [0x0000000080000000, 0x0000000100000000)
  region size 1024K, 3 young (3072K), 3 survivors (3072K)
 Metaspace       used 49750K, committed 51072K, reserved 1114112K
  class space    used 6702K, committed 7360K, reserved 1048576K
}
Event: 10.077 GC heap before
{Heap before GC invocations=13 (full 0):
 garbage-first heap   total 101376K, used 93028K [0x0000000080000000, 0x0000000100000000)
  region size 1024K, 38 young (38912K), 3 survivors (3072K)
 Metaspace       used 54731K, committed 56256K, reserved 1114112K
  class space    used 7391K, committed 8128K, reserved 1048576K
}
Event: 10.083 GC heap after
{Heap after GC invocations=14 (full 0):
 garbage-first heap   total 101376K, used 54168K [0x0000000080000000, 0x0000000100000000)
  region size 1024K, 5 young (5120K), 5 survivors (5120K)
 Metaspace       used 54731K, committed 56256K, reserved 1114112K
  class space    used 7391K, committed 8128K, reserved 1048576K
}
Event: 11.119 GC heap before
{Heap before GC invocations=14 (full 0):
 garbage-first heap   total 107520K, used 103320K [0x0000000080000000, 0x0000000100000000)
  region size 1024K, 39 young (39936K), 5 survivors (5120K)
 Metaspace       used 57041K, committed 58624K, reserved 1114112K
  class space    used 7724K, committed 8512K, reserved 1048576K
}
Event: 11.130 GC heap after
{Heap after GC invocations=15 (full 0):
 garbage-first heap   total 115712K, used 74471K [0x0000000080000000, 0x0000000100000000)
  region size 1024K, 5 young (5120K), 5 survivors (5120K)
 Metaspace       used 57041K, committed 58624K, reserved 1114112K
  class space    used 7724K, committed 8512K, reserved 1048576K
}
Event: 11.133 GC heap before
{Heap before GC invocations=15 (full 0):
 garbage-first heap   total 115712K, used 74471K [0x0000000080000000, 0x0000000100000000)
  region size 1024K, 7 young (7168K), 5 survivors (5120K)
 Metaspace       used 57041K, committed 58624K, reserved 1114112K
  class space    used 7724K, committed 8512K, reserved 1048576K
}
Event: 11.138 GC heap after
{Heap after GC invocations=16 (full 0):
 garbage-first heap   total 115712K, used 75617K [0x0000000080000000, 0x0000000100000000)
  region size 1024K, 1 young (1024K), 1 survivors (1024K)
 Metaspace       used 57041K, committed 58624K, reserved 1114112K
  class space    used 7724K, committed 8512K, reserved 1048576K
}
Event: 11.484 GC heap before
{Heap before GC invocations=17 (full 0):
 garbage-first heap   total 132096K, used 107361K [0x0000000080000000, 0x0000000100000000)
  region size 1024K, 30 young (30720K), 1 survivors (1024K)
 Metaspace       used 58810K, committed 60416K, reserved 1114112K
  class space    used 7871K, committed 8640K, reserved 1048576K
}
Event: 11.487 GC heap after
{Heap after GC invocations=18 (full 0):
 garbage-first heap   total 158720K, used 75542K [0x0000000080000000, 0x0000000100000000)
  region size 1024K, 1 young (1024K), 1 survivors (1024K)
 Metaspace       used 58810K, committed 60416K, reserved 1114112K
  class space    used 7871K, committed 8640K, reserved 1048576K
}

Dll operation events (3 events):
Event: 0.113 Loaded shared library C:\Program Files\Android\Android Studio\jbr\bin\java.dll
Event: 0.197 Loaded shared library C:\Program Files\Android\Android Studio\jbr\bin\zip.dll
Event: 1.135 Loaded shared library C:\Program Files\Android\Android Studio\jbr\bin\verify.dll

Deoptimization events (20 events):
Event: 11.445 Thread 0x000002275b1ac660 DEOPT PACKING pc=0x0000022740a9db5d sp=0x000000d5f21f84e0
Event: 11.445 Thread 0x000002275b1ac660 DEOPT UNPACKING pc=0x0000022747da4e42 sp=0x000000d5f21f7958 mode 0
Event: 11.578 Thread 0x000002275b1ac660 Uncommon trap: trap_request=0xffffff45 fr.pc=0x00000227485a9ad4 relative=0x0000000000000774
Event: 11.578 Thread 0x000002275b1ac660 Uncommon trap: reason=unstable_if action=reinterpret pc=0x00000227485a9ad4 method=org.gradle.internal.snapshot.VfsRelativePath.isPrefix(Ljava/lang/String;ILjava/lang/String;ILorg/gradle/internal/snapshot/CaseSensitivity;)Z @ 101 c2
Event: 11.578 Thread 0x000002275b1ac660 DEOPT PACKING pc=0x00000227485a9ad4 sp=0x000000d5f21f7330
Event: 11.578 Thread 0x000002275b1ac660 DEOPT UNPACKING pc=0x0000022747da46a2 sp=0x000000d5f21f72b8 mode 2
Event: 12.013 Thread 0x000002275b1ac660 Uncommon trap: trap_request=0xffffff45 fr.pc=0x0000022748371fbc relative=0x000000000000009c
Event: 12.013 Thread 0x000002275b1ac660 Uncommon trap: reason=unstable_if action=reinterpret pc=0x0000022748371fbc method=java.lang.CharacterDataLatin1.isWhitespace(I)Z @ 14 c2
Event: 12.013 Thread 0x000002275b1ac660 DEOPT PACKING pc=0x0000022748371fbc sp=0x000000d5f21f6d30
Event: 12.013 Thread 0x000002275b1ac660 DEOPT UNPACKING pc=0x0000022747da46a2 sp=0x000000d5f21f6ca0 mode 2
Event: 12.037 Thread 0x000002275b1ac660 DEOPT PACKING pc=0x0000022740d34896 sp=0x000000d5f21f4dd0
Event: 12.037 Thread 0x000002275b1ac660 DEOPT UNPACKING pc=0x0000022747da4e42 sp=0x000000d5f21f4318 mode 0
Event: 12.188 Thread 0x000002275b1ac660 Uncommon trap: trap_request=0xffffff54 fr.pc=0x00000227483b0c24 relative=0x00000000000015a4
Event: 12.188 Thread 0x000002275b1ac660 Uncommon trap: reason=speculate_null_assert action=make_not_entrant pc=0x00000227483b0c24 method=java.util.jar.JarFile.getVersionedEntry(Ljava/lang/String;Ljava/util/jar/JarEntry;)Ljava/util/jar/JarEntry; @ 115 c2
Event: 12.188 Thread 0x000002275b1ac660 DEOPT PACKING pc=0x00000227483b0c24 sp=0x000000d5f21f4e70
Event: 12.188 Thread 0x000002275b1ac660 DEOPT UNPACKING pc=0x0000022747da46a2 sp=0x000000d5f21f4e78 mode 2
Event: 12.188 Thread 0x000002275b1ac660 Uncommon trap: trap_request=0xffffff45 fr.pc=0x00000227483577ac relative=0x000000000000078c
Event: 12.188 Thread 0x000002275b1ac660 Uncommon trap: reason=unstable_if action=reinterpret pc=0x00000227483577ac method=java.util.jar.JarFile.getEntry(Ljava/lang/String;)Ljava/util/zip/ZipEntry; @ 15 c2
Event: 12.188 Thread 0x000002275b1ac660 DEOPT PACKING pc=0x00000227483577ac sp=0x000000d5f21f4f40
Event: 12.188 Thread 0x000002275b1ac660 DEOPT UNPACKING pc=0x0000022747da46a2 sp=0x000000d5f21f4f38 mode 2

Classes loaded (20 events):
Event: 10.968 Loading class jdk/internal/vm/annotation/ForceInline
Event: 10.968 Loading class jdk/internal/vm/annotation/ForceInline done
Event: 11.297 Loading class java/util/BitSet$1BitSetSpliterator
Event: 11.298 Loading class java/util/BitSet$1BitSetSpliterator done
Event: 11.318 Loading class sun/nio/fs/WindowsException
Event: 11.319 Loading class sun/nio/fs/WindowsException done
Event: 11.336 Loading class java/util/Collections$SynchronizedRandomAccessList
Event: 11.337 Loading class java/util/Collections$SynchronizedList
Event: 11.337 Loading class java/util/Collections$SynchronizedList done
Event: 11.337 Loading class java/util/Collections$SynchronizedRandomAccessList done
Event: 11.653 Loading class java/util/EmptyStackException
Event: 11.653 Loading class java/util/EmptyStackException done
Event: 12.067 Loading class java/util/concurrent/atomic/AtomicReferenceFieldUpdater
Event: 12.068 Loading class java/util/concurrent/atomic/AtomicReferenceFieldUpdater done
Event: 12.068 Loading class java/util/concurrent/atomic/AtomicReferenceFieldUpdater$AtomicReferenceFieldUpdaterImpl
Event: 12.068 Loading class java/util/concurrent/atomic/AtomicReferenceFieldUpdater$AtomicReferenceFieldUpdaterImpl done
Event: 12.068 Loading class java/util/concurrent/atomic/AtomicReferenceFieldUpdater$AtomicReferenceFieldUpdaterImpl$1
Event: 12.068 Loading class java/util/concurrent/atomic/AtomicReferenceFieldUpdater$AtomicReferenceFieldUpdaterImpl$1 done
Event: 12.521 Loading class java/lang/Override
Event: 12.521 Loading class java/lang/Override done

Classes unloaded (0 events):
No events

Classes redefined (0 events):
No events

Internal exceptions (20 events):
Event: 10.974 Thread 0x000002275b1ac660 Exception <a 'java/lang/ClassNotFoundException'{0x00000000841b7b68}: org/gradle/tooling/provider/model/internal/DefaultToolingModelBuilderRegistryCustomizer> (0x00000000841b7b68) 
thrown [s\src\hotspot\share\classfile\systemDictionary.cpp, line 312]
Event: 10.982 Thread 0x000002275b1ac660 Exception <a 'java/lang/ClassNotFoundException'{0x00000000840166e0}: org/gradle/internal/service/ScopedServiceRegistryBeanInfo> (0x00000000840166e0) 
thrown [s\src\hotspot\share\classfile\systemDictionary.cpp, line 312]
Event: 10.982 Thread 0x000002275b1ac660 Exception <a 'java/lang/ClassNotFoundException'{0x000000008402aac8}: org/gradle/internal/service/DefaultServiceRegistryBeanInfo> (0x000000008402aac8) 
thrown [s\src\hotspot\share\classfile\systemDictionary.cpp, line 312]
Event: 10.983 Thread 0x000002275b1ac660 Exception <a 'java/lang/ClassNotFoundException'{0x000000008403eed8}: org/gradle/internal/service/DefaultServiceRegistryCustomizer> (0x000000008403eed8) 
thrown [s\src\hotspot\share\classfile\systemDictionary.cpp, line 312]
Event: 10.984 Thread 0x000002275b1ac660 Exception <a 'java/lang/ClassNotFoundException'{0x0000000084061ad0}: org/gradle/internal/service/ScopedServiceRegistryCustomizer> (0x0000000084061ad0) 
thrown [s\src\hotspot\share\classfile\systemDictionary.cpp, line 312]
Event: 10.989 Thread 0x000002275b1ac660 Exception <a 'java/lang/ClassNotFoundException'{0x00000000840ab780}: org/gradle/internal/extensibility/DefaultConventionBeanInfo> (0x00000000840ab780) 
thrown [s\src\hotspot\share\classfile\systemDictionary.cpp, line 312]
Event: 10.990 Thread 0x000002275b1ac660 Exception <a 'java/lang/ClassNotFoundException'{0x00000000840bfba8}: org/gradle/internal/extensibility/DefaultConventionCustomizer> (0x00000000840bfba8) 
thrown [s\src\hotspot\share\classfile\systemDictionary.cpp, line 312]
Event: 11.007 Thread 0x000002275b1ac660 Exception <a 'java/lang/ClassNotFoundException'{0x0000000083f576b8}: com/intellij/gradle/toolingExtension/impl/modelBuilder/ExtraModelBuilderBeanInfo> (0x0000000083f576b8) 
thrown [s\src\hotspot\share\classfile\systemDictionary.cpp, line 312]
Event: 11.007 Thread 0x000002275b1ac660 Exception <a 'java/lang/ClassNotFoundException'{0x0000000083f63130}: com/intellij/gradle/toolingExtension/impl/modelBuilder/ExtraModelBuilderCustomizer> (0x0000000083f63130) 
thrown [s\src\hotspot\share\classfile\systemDictionary.cpp, line 312]
Event: 11.307 Thread 0x000002275b1ac660 Exception <a 'java/lang/IncompatibleClassChangeError'{0x00000000871de7f8}: Found class java.lang.Object, but interface was expected> (0x00000000871de7f8) 
thrown [s\src\hotspot\share\interpreter\linkResolver.cpp, line 851]
Event: 11.319 Thread 0x000002275b1ac660 Exception <a 'sun/nio/fs/WindowsException'{0x0000000087016750}> (0x0000000087016750) 
thrown [s\src\hotspot\share\prims\jni.cpp, line 535]
Event: 11.321 Thread 0x000002275b1ac660 Exception <a 'sun/nio/fs/WindowsException'{0x0000000087017f00}> (0x0000000087017f00) 
thrown [s\src\hotspot\share\prims\jni.cpp, line 535]
Event: 11.321 Thread 0x000002275b1ac660 Exception <a 'sun/nio/fs/WindowsException'{0x0000000087019658}> (0x0000000087019658) 
thrown [s\src\hotspot\share\prims\jni.cpp, line 535]
Event: 11.321 Thread 0x000002275b1ac660 Exception <a 'sun/nio/fs/WindowsException'{0x000000008701a9d0}> (0x000000008701a9d0) 
thrown [s\src\hotspot\share\prims\jni.cpp, line 535]
Event: 11.324 Thread 0x000002275b1ac660 Exception <a 'java/lang/NoSuchMethodError'{0x000000008702b890}: 'java.lang.Object java.lang.invoke.Invokers$Holder.invoker(java.lang.Object, java.lang.Object, java.lang.Object, java.lang.Object, java.lang.Object, java.lang.Object)'> (0x000000008702b890) 
thrown [s\src\hotspot\share\interpreter\linkResolver.cpp, line 784]
Event: 11.356 Thread 0x000002275b1ac660 Exception <a 'java/lang/NoSuchMethodError'{0x0000000086f29658}: 'java.lang.Object java.lang.invoke.Invokers$Holder.invoker(java.lang.Object, java.lang.Object, java.lang.Object, java.lang.Object, java.lang.Object, java.lang.Object, java.lang.Object, java.lang.Object, java.lang.Object, java.lang.Object, java.lang.Object, java.lang.Object, java.lang.Object, java.lang.Object, java.lang.Object, java.lang.Object, java.lang.Object, java.lang.Object, java.lang.Object, java.lang.Object, java.lang.Object, java.lang.
Event: 11.356 Thread 0x000002275b1ac660 Exception <a 'java/lang/NoSuchMethodError'{0x0000000086f301e8}: 'java.lang.Object java.lang.invoke.DelegatingMethodHandle$Holder.delegate(java.lang.Object, java.lang.Object, java.lang.Object, java.lang.Object, java.lang.Object, java.lang.Object, java.lang.Object, java.lang.Object, java.lang.Object, java.lang.Object, java.lang.Object, java.lang.Object, java.lang.Object, java.lang.Object, java.lang.Object, java.lang.Object, java.lang.Object, java.lang.Object, java.lang.Object, java.lang.Object, java.lang.Obj
Event: 11.589 Thread 0x000002275b1ac660 Exception <a 'java/lang/IncompatibleClassChangeError'{0x0000000088c02ae0}: Found class java.lang.Object, but interface was expected> (0x0000000088c02ae0) 
thrown [s\src\hotspot\share\interpreter\linkResolver.cpp, line 851]
Event: 11.614 Thread 0x000002275b1ac660 Exception <a 'java/lang/NoSuchMethodError'{0x0000000088cbf4f0}: 'void java.lang.invoke.DirectMethodHandle$Holder.invokeVirtual(java.lang.Object, java.lang.Object)'> (0x0000000088cbf4f0) 
thrown [s\src\hotspot\share\interpreter\linkResolver.cpp, line 784]
Event: 11.669 Thread 0x000002275b1ac660 Exception <a 'java/lang/NoSuchMethodError'{0x0000000088aaaae8}: 'java.lang.Object java.lang.invoke.DirectMethodHandle$Holder.invokeStaticInit(java.lang.Object, int)'> (0x0000000088aaaae8) 
thrown [s\src\hotspot\share\interpreter\linkResolver.cpp, line 784]

ZGC Phase Switch (0 events):
No events

VM Operations (20 events):
Event: 10.978 Executing VM operation: HandshakeAllThreads (Deoptimize)
Event: 10.978 Executing VM operation: HandshakeAllThreads (Deoptimize) done
Event: 11.119 Executing VM operation: G1CollectForAllocation (G1 Evacuation Pause)
Event: 11.130 Executing VM operation: G1CollectForAllocation (G1 Evacuation Pause) done
Event: 11.133 Executing VM operation: G1TryInitiateConcMark (G1 Humongous Allocation)
Event: 11.138 Executing VM operation: G1TryInitiateConcMark (G1 Humongous Allocation) done
Event: 11.170 Executing VM operation: G1PauseRemark
Event: 11.174 Executing VM operation: G1PauseRemark done
Event: 11.190 Executing VM operation: G1PauseCleanup
Event: 11.191 Executing VM operation: G1PauseCleanup done
Event: 11.320 Executing VM operation: HandshakeAllThreads (Deoptimize)
Event: 11.320 Executing VM operation: HandshakeAllThreads (Deoptimize) done
Event: 11.484 Executing VM operation: G1CollectForAllocation (G1 Evacuation Pause)
Event: 11.487 Executing VM operation: G1CollectForAllocation (G1 Evacuation Pause) done
Event: 11.580 Executing VM operation: HandshakeAllThreads (Deoptimize)
Event: 11.580 Executing VM operation: HandshakeAllThreads (Deoptimize) done
Event: 11.653 Executing VM operation: HandshakeAllThreads (Deoptimize)
Event: 11.653 Executing VM operation: HandshakeAllThreads (Deoptimize) done
Event: 11.666 Executing VM operation: HandshakeAllThreads (Deoptimize)
Event: 11.666 Executing VM operation: HandshakeAllThreads (Deoptimize) done

Memory protections (0 events):
No events

Nmethod flushes (20 events):
Event: 11.173 Thread 0x0000022755380590 flushing  nmethod 0x0000022740896b10
Event: 11.173 Thread 0x0000022755380590 flushing  nmethod 0x0000022740979410
Event: 11.173 Thread 0x0000022755380590 flushing  nmethod 0x0000022740979d90
Event: 11.173 Thread 0x0000022755380590 flushing  nmethod 0x0000022740afc790
Event: 11.173 Thread 0x0000022755380590 flushing  nmethod 0x0000022740afd690
Event: 11.173 Thread 0x0000022755380590 flushing  nmethod 0x0000022740aff010
Event: 11.173 Thread 0x0000022755380590 flushing  nmethod 0x0000022740baa690
Event: 11.173 Thread 0x0000022755380590 flushing  nmethod 0x0000022740baaa10
Event: 11.173 Thread 0x0000022755380590 flushing  nmethod 0x0000022740bab110
Event: 11.173 Thread 0x0000022755380590 flushing  nmethod 0x0000022740bab810
Event: 11.173 Thread 0x0000022755380590 flushing  nmethod 0x0000022740babc10
Event: 11.173 Thread 0x0000022755380590 flushing  nmethod 0x0000022740cf3f90
Event: 11.173 Thread 0x0000022755380590 flushing  nmethod 0x0000022740cf4490
Event: 11.173 Thread 0x0000022755380590 flushing  nmethod 0x0000022740cf5190
Event: 11.173 Thread 0x0000022755380590 flushing  nmethod 0x0000022740cf5690
Event: 11.173 Thread 0x0000022755380590 flushing  nmethod 0x0000022740de4290
Event: 11.173 Thread 0x0000022755380590 flushing  nmethod 0x0000022740de5f90
Event: 11.173 Thread 0x0000022755380590 flushing  nmethod 0x0000022740de7f90
Event: 11.173 Thread 0x0000022755380590 flushing  nmethod 0x0000022740de8890
Event: 11.173 Thread 0x0000022755380590 flushing  nmethod 0x0000022740de9890

Events (20 events):
Event: 10.563 Thread 0x000002275b1ac660 Thread added: 0x000002275ba24fe0
Event: 10.563 Thread 0x000002275b1ac660 Thread added: 0x000002275ba242c0
Event: 10.770 Thread 0x000002275b1ac660 Thread added: 0x000002275ba22880
Event: 10.771 Thread 0x000002275b1ac660 Thread added: 0x000002275ba24950
Event: 10.771 Thread 0x000002275b1ac660 Thread added: 0x000002275ba21b60
Event: 10.772 Thread 0x000002275b1ac660 Thread added: 0x000002275ba25670
Event: 10.773 Thread 0x000002275b1ac660 Thread added: 0x000002275ba221f0
Event: 10.776 Thread 0x000002275b1ac660 Thread added: 0x000002275ba26390
Event: 10.777 Thread 0x000002275b1ac660 Thread added: 0x000002275ba28460
Event: 10.778 Thread 0x000002275b1ac660 Thread added: 0x000002275ba25d00
Event: 10.796 Thread 0x000002275b1ac660 Thread added: 0x000002275ba28af0
Event: 10.796 Thread 0x000002275b1ac660 Thread added: 0x000002275ba26a20
Event: 10.797 Thread 0x000002275b1ac660 Thread added: 0x000002275ba29180
Event: 10.797 Thread 0x000002275b1ac660 Thread added: 0x000002275ba270b0
Event: 10.798 Thread 0x000002275b1ac660 Thread added: 0x000002275ba27740
Event: 10.799 Thread 0x000002275b1ac660 Thread added: 0x000002275ba27dd0
Event: 10.800 Thread 0x000002275b1ac660 Thread added: 0x000002275f3be7c0
Event: 10.801 Thread 0x000002275b1ac660 Thread added: 0x000002275f3bee50
Event: 10.802 Thread 0x000002275b1ac660 Thread added: 0x000002275f3bfb70
Event: 11.202 Thread 0x000002275b8f1120 Thread exited: 0x000002275b8f1120


Dynamic libraries:
0x00007ff740020000 - 0x00007ff74002a000 	C:\Program Files\Android\Android Studio\jbr\bin\java.exe
0x00007ffef8ae0000 - 0x00007ffef8d49000 	C:\WINDOWS\SYSTEM32\ntdll.dll
0x00007ffef6c30000 - 0x00007ffef6cf9000 	C:\WINDOWS\System32\KERNEL32.DLL
0x00007ffef64b0000 - 0x00007ffef68a3000 	C:\WINDOWS\System32\KERNELBASE.dll
0x00007ffef6040000 - 0x00007ffef618b000 	C:\WINDOWS\System32\ucrtbase.dll
0x00007ffee5090000 - 0x00007ffee50ab000 	C:\Program Files\Android\Android Studio\jbr\bin\VCRUNTIME140.dll
0x00007ffebe950000 - 0x00007ffebe968000 	C:\Program Files\Android\Android Studio\jbr\bin\jli.dll
0x00007ffef6f20000 - 0x00007ffef70e4000 	C:\WINDOWS\System32\USER32.dll
0x00007ffef6190000 - 0x00007ffef61b7000 	C:\WINDOWS\System32\win32u.dll
0x00007ffef68b0000 - 0x00007ffef68db000 	C:\WINDOWS\System32\GDI32.dll
0x00007ffef5e70000 - 0x00007ffef5f9d000 	C:\WINDOWS\System32\gdi32full.dll
0x00007ffef5c70000 - 0x00007ffef5d13000 	C:\WINDOWS\System32\msvcp_win.dll
0x00007ffed9250000 - 0x00007ffed94e3000 	C:\WINDOWS\WinSxS\amd64_microsoft.windows.common-controls_6595b64144ccf1df_6.0.26100.5074_none_3e0d6f78e32fd63f\COMCTL32.dll
0x00007ffef7e70000 - 0x00007ffef7f19000 	C:\WINDOWS\System32\msvcrt.dll
0x00007ffef8150000 - 0x00007ffef817f000 	C:\WINDOWS\System32\IMM32.DLL
0x00007ffeedb30000 - 0x00007ffeedb3c000 	C:\Program Files\Android\Android Studio\jbr\bin\vcruntime140_1.dll
0x00007ffe8c860000 - 0x00007ffe8c8ed000 	C:\Program Files\Android\Android Studio\jbr\bin\msvcp140.dll
0x00007ffe4f220000 - 0x00007ffe4feab000 	C:\Program Files\Android\Android Studio\jbr\bin\server\jvm.dll
0x00007ffef8020000 - 0x00007ffef80d4000 	C:\WINDOWS\System32\ADVAPI32.dll
0x00007ffef8850000 - 0x00007ffef88f6000 	C:\WINDOWS\System32\sechost.dll
0x00007ffef81e0000 - 0x00007ffef82f8000 	C:\WINDOWS\System32\RPCRT4.dll
0x00007ffef6d00000 - 0x00007ffef6d74000 	C:\WINDOWS\System32\WS2_32.dll
0x00007ffef5ad0000 - 0x00007ffef5b2e000 	C:\WINDOWS\SYSTEM32\POWRPROF.dll
0x00007ffef2e60000 - 0x00007ffef2e95000 	C:\WINDOWS\SYSTEM32\WINMM.dll
0x00007ffee2c70000 - 0x00007ffee2c7b000 	C:\WINDOWS\SYSTEM32\VERSION.dll
0x00007ffef5ab0000 - 0x00007ffef5ac4000 	C:\WINDOWS\SYSTEM32\UMPDC.dll
0x00007ffef4a50000 - 0x00007ffef4a6b000 	C:\WINDOWS\SYSTEM32\kernel.appcore.dll
0x00007ffee3880000 - 0x00007ffee388a000 	C:\Program Files\Android\Android Studio\jbr\bin\jimage.dll
0x00007ffef3310000 - 0x00007ffef3552000 	C:\WINDOWS\SYSTEM32\DBGHELP.DLL
0x00007ffef78f0000 - 0x00007ffef7c6b000 	C:\WINDOWS\System32\combase.dll
0x00007ffef6a50000 - 0x00007ffef6b27000 	C:\WINDOWS\System32\OLEAUT32.dll
0x00007ffebe8e0000 - 0x00007ffebe91d000 	C:\WINDOWS\SYSTEM32\dbgcore.DLL
0x00007ffef5fa0000 - 0x00007ffef6039000 	C:\WINDOWS\System32\bcryptPrimitives.dll
0x00007ffebe940000 - 0x00007ffebe94e000 	C:\Program Files\Android\Android Studio\jbr\bin\instrument.dll
0x00007ffee0f90000 - 0x00007ffee0fb0000 	C:\Program Files\Android\Android Studio\jbr\bin\java.dll
0x00007ffed1540000 - 0x00007ffed1558000 	C:\Program Files\Android\Android Studio\jbr\bin\zip.dll
0x00007ffef70f0000 - 0x00007ffef783d000 	C:\WINDOWS\System32\SHELL32.dll
0x00007ffef6340000 - 0x00007ffef64ac000 	C:\WINDOWS\System32\wintypes.dll
0x00007ffef38f0000 - 0x00007ffef4149000 	C:\WINDOWS\SYSTEM32\windows.storage.dll
0x00007ffef8910000 - 0x00007ffef8a00000 	C:\WINDOWS\System32\SHCORE.dll
0x00007ffef80e0000 - 0x00007ffef8142000 	C:\WINDOWS\System32\shlwapi.dll
0x00007ffef5b90000 - 0x00007ffef5bb9000 	C:\WINDOWS\SYSTEM32\profapi.dll
0x00007ffed3070000 - 0x00007ffed3080000 	C:\Program Files\Android\Android Studio\jbr\bin\net.dll
0x00007ffee56b0000 - 0x00007ffee57cf000 	C:\WINDOWS\SYSTEM32\WINHTTP.dll
0x00007ffef4fd0000 - 0x00007ffef503b000 	C:\WINDOWS\system32\mswsock.dll
0x00007ffeafb80000 - 0x00007ffeafb96000 	C:\Program Files\Android\Android Studio\jbr\bin\nio.dll
0x00007ffeabd90000 - 0x00007ffeabda0000 	C:\Program Files\Android\Android Studio\jbr\bin\verify.dll
0x00007ffed2480000 - 0x00007ffed24a7000 	C:\Users\PC\.gradle\native\c067742578af261105cb4f569cf0c3c89f3d7b1fecec35dd04571415982c5e48\windows-amd64\native-platform.dll
0x00007ffe668a0000 - 0x00007ffe669e4000 	C:\Users\PC\.gradle\native\100fb08df4bc3b14c8652ba06237920a3bd2aa13389f12d3474272988ae205f9\windows-amd64\native-platform-file-events.dll
0x00007ffed20c0000 - 0x00007ffed20c9000 	C:\Program Files\Android\Android Studio\jbr\bin\management.dll
0x00007ffeafae0000 - 0x00007ffeafaeb000 	C:\Program Files\Android\Android Studio\jbr\bin\management_ext.dll
0x00007ffef7fa0000 - 0x00007ffef7fa8000 	C:\WINDOWS\System32\PSAPI.DLL
0x00007ffef5270000 - 0x00007ffef528b000 	C:\WINDOWS\SYSTEM32\CRYPTSP.dll
0x00007ffef49b0000 - 0x00007ffef49eb000 	C:\WINDOWS\system32\rsaenh.dll
0x00007ffef5070000 - 0x00007ffef509b000 	C:\WINDOWS\SYSTEM32\USERENV.dll
0x00007ffef5b60000 - 0x00007ffef5b86000 	C:\WINDOWS\SYSTEM32\bcrypt.dll
0x00007ffef5290000 - 0x00007ffef529c000 	C:\WINDOWS\SYSTEM32\CRYPTBASE.dll
0x00007ffef44c0000 - 0x00007ffef44f4000 	C:\WINDOWS\SYSTEM32\IPHLPAPI.DLL
0x00007ffef8900000 - 0x00007ffef890a000 	C:\WINDOWS\System32\NSI.dll
0x00007ffed2540000 - 0x00007ffed2549000 	C:\Program Files\Android\Android Studio\jbr\bin\extnet.dll
0x00007ffebf410000 - 0x00007ffebf418000 	C:\WINDOWS\system32\wshunix.dll

dbghelp: loaded successfully - version: 4.0.5 - missing functions: none
symbol engine: initialized successfully - sym options: 0x614 - pdb path: .;C:\Program Files\Android\Android Studio\jbr\bin;C:\WINDOWS\SYSTEM32;C:\WINDOWS\WinSxS\amd64_microsoft.windows.common-controls_6595b64144ccf1df_6.0.26100.5074_none_3e0d6f78e32fd63f;C:\Program Files\Android\Android Studio\jbr\bin\server;C:\Users\PC\.gradle\native\c067742578af261105cb4f569cf0c3c89f3d7b1fecec35dd04571415982c5e48\windows-amd64;C:\Users\PC\.gradle\native\100fb08df4bc3b14c8652ba06237920a3bd2aa13389f12d3474272988ae205f9\windows-amd64

VM Arguments:
jvm_args: --add-opens=java.base/java.lang=ALL-UNNAMED --add-opens=java.base/java.lang.invoke=ALL-UNNAMED --add-opens=java.base/java.util=ALL-UNNAMED --add-opens=java.prefs/java.util.prefs=ALL-UNNAMED --add-exports=jdk.compiler/com.sun.tools.javac.api=ALL-UNNAMED --add-exports=jdk.compiler/com.sun.tools.javac.util=ALL-UNNAMED --add-opens=java.base/java.util=ALL-UNNAMED --add-opens=java.prefs/java.util.prefs=ALL-UNNAMED --add-opens=java.base/java.nio.charset=ALL-UNNAMED --add-opens=java.base/java.net=ALL-UNNAMED --add-opens=java.base/java.util.concurrent.atomic=ALL-UNNAMED --add-opens=java.xml/javax.xml.namespace=ALL-UNNAMED -Xmx2048m -Dfile.encoding=UTF-8 -Duser.country=US -Duser.language=en -Duser.variant -javaagent:C:\Users\PC\.gradle\wrapper\dists\gradle-8.11.1-bin\bpt9gzteqjrbo1mjrsomdt32c\gradle-8.11.1\lib\agents\gradle-instrumentation-agent-8.11.1.jar 
java_command: org.gradle.launcher.daemon.bootstrap.GradleDaemon 8.11.1
java_class_path (initial): C:\Users\PC\.gradle\wrapper\dists\gradle-8.11.1-bin\bpt9gzteqjrbo1mjrsomdt32c\gradle-8.11.1\lib\gradle-daemon-main-8.11.1.jar
Launcher Type: SUN_STANDARD

[Global flags]
     intx CICompilerCount                          = 4                                         {product} {ergonomic}
     uint ConcGCThreads                            = 3                                         {product} {ergonomic}
     uint G1ConcRefinementThreads                  = 10                                        {product} {ergonomic}
   size_t G1HeapRegionSize                         = 1048576                                   {product} {ergonomic}
    uintx GCDrainStackTargetSize                   = 64                                        {product} {ergonomic}
   size_t InitialHeapSize                          = 130023424                                 {product} {ergonomic}
   size_t MarkStackSize                            = 4194304                                   {product} {ergonomic}
   size_t MaxHeapSize                              = 2147483648                                {product} {command line}
   size_t MaxNewSize                               = 1287651328                                {product} {ergonomic}
   size_t MinHeapDeltaBytes                        = 1048576                                   {product} {ergonomic}
   size_t MinHeapSize                              = 8388608                                   {product} {ergonomic}
    uintx NonNMethodCodeHeapSize                   = 5839372                                {pd product} {ergonomic}
    uintx NonProfiledCodeHeapSize                  = 122909434                              {pd product} {ergonomic}
    uintx ProfiledCodeHeapSize                     = 122909434                              {pd product} {ergonomic}
    uintx ReservedCodeCacheSize                    = 251658240                              {pd product} {ergonomic}
     bool SegmentedCodeCache                       = true                                      {product} {ergonomic}
   size_t SoftMaxHeapSize                          = 2147483648                             {manageable} {ergonomic}
     bool UseCompressedOops                        = true                           {product lp64_product} {ergonomic}
     bool UseG1GC                                  = true                                      {product} {ergonomic}
     bool UseLargePagesIndividualAllocation        = false                                  {pd product} {ergonomic}

Logging:
Log output configuration:
 #0: stdout all=warning uptime,level,tags foldmultilines=false
 #1: stderr all=off uptime,level,tags foldmultilines=false

Environment Variables:
PATH=C:\Program Files\Common Files\Oracle\Java\javapath;C:\Program Files (x86)\Common Files\Oracle\Java\java8path;C:\Program Files (x86)\Common Files\Oracle\Java\javapath;C:\WINDOWS\system32;C:\WINDOWS;C:\WINDOWS\System32\Wbem;C:\WINDOWS\System32\WindowsPowerShell\v1.0\;C:\WINDOWS\System32\OpenSSH\;C:\Program Files\dotnet\;C:\Program Files\Git\cmd;C:\Program Files\Microsoft SQL Server\150\Tools\Binn\;C:\Program Files\Microsoft SQL Server\Client SDK\ODBC\170\Tools\Binn\;C:\Program Files\Cloudflare\Cloudflare WARP\;C:\Program Files (x86)\Microsoft SQL Server\160\Tools\Binn\;C:\Program Files\Microsoft SQL Server\160\Tools\Binn\;C:\Program Files\Microsoft SQL Server\160\DTS\Binn\;C:\Program Files (x86)\Windows Kits\10\Windows Performance Toolkit\;C:\Program Files\nodejs\;C:\Users\PC\AppData\Local\Programs\Python\Python313\Scripts\;C:\Users\PC\AppData\Local\Programs\Python\Python313\;C:\Users\PC\AppData\Local\Programs\Python\Launcher\;C:\Users\PC\AppData\Local\Microsoft\WindowsApps;C:\Users\PC\AppData\Local\Programs\Microsoft VS Code\bin;C:\msys64\ucrt64\bin;C:\Users\PC\.dotnet\tools;C:\Program Files\Java\jdk-23\bin;C:\Users\PC\Downloads\flutter_windows_3.29.3-stable\flutter\bin;C:\Users\PC\AppData\Local\Pub\Cache\bin;C:\Users\PC\.cache\firebase\tools\bin;C:\Users\PC\AppData\Roaming\npm;C:\Users\PC\AppData\Local\GitHubDesktop\bin
USERNAME=PC
OS=Windows_NT
PROCESSOR_IDENTIFIER=Intel64 Family 6 Model 154 Stepping 4, GenuineIntel
TMP=C:\Users\PC\AppData\Local\Temp
TEMP=C:\Users\PC\AppData\Local\Temp




Periodic native trim disabled

JNI global refs:
JNI global refs: 26, weak refs: 0

JNI global refs memory usage: 835, weak refs: 833

Process memory usage:
Resident Set Size: 352956K (4% of 8065780K total physical memory with 578560K free physical memory)

OOME stack traces (most recent first):
Classloader memory used:
Loader org.gradle.internal.classloader.VisitableURLClassLoader                         : 36096K
Loader bootstrap                                                                       : 22408K
Loader org.gradle.initialization.MixInLegacyTypesClassLoader                           : 6435K
Loader org.gradle.internal.classloader.VisitableURLClassLoader                         : 719K
Loader org.gradle.internal.classloader.VisitableURLClassLoader$InstrumentingVisitableURLClassLoader: 563K
Loader jdk.internal.loader.ClassLoaders$PlatformClassLoader                            : 496K
Loader jdk.internal.loader.ClassLoaders$AppClassLoader                                 : 235K
Loader jdk.internal.reflect.DelegatingClassLoader                                      : 160K
Loader org.gradle.groovy.scripts.internal.DefaultScriptCompilationHandler$ScriptClassLoader: 89064B
Loader org.codehaus.groovy.runtime.callsite.CallSiteClassLoader                        : 48688B

Classes loaded by more than one classloader:
Class org.gradle.api.GradleException                                                  : loaded 3 times (x 78B)
Class org.gradle.internal.classloader.FilteringClassLoader                            : loaded 2 times (x 101B)
Class org.gradle.internal.classloader.ClassLoaderHierarchy                            : loaded 2 times (x 66B)
Class org.gradle.api.internal.classpath.ManifestUtil                                  : loaded 2 times (x 67B)
Class org.gradle.internal.operations.MultipleBuildOperationFailures                   : loaded 2 times (x 91B)
Class org.gradle.internal.classloader.DefaultClassLoaderFactory                       : loaded 2 times (x 78B)
Class kotlin.collections.AbstractList$Companion                                       : loaded 2 times (x 67B)
Class org.gradle.internal.classloader.ClassLoaderVisitor                              : loaded 2 times (x 72B)
Class org.gradle.api.internal.classpath.EffectiveClassPath                            : loaded 2 times (x 86B)
Class org.gradle.api.internal.DefaultClassPathProvider                                : loaded 2 times (x 72B)
Class [Lorg.gradle.api.internal.ClassPathProvider;                                    : loaded 2 times (x 65B)
Class org.gradle.api.internal.ClassPathProvider                                       : loaded 2 times (x 66B)
Class org.gradle.internal.service.UnknownServiceException                             : loaded 2 times (x 79B)
Class org.gradle.internal.classpath.TransformedClassPath                              : loaded 2 times (x 92B)
Class org.gradle.internal.classloader.InstrumentingClassLoader                        : loaded 2 times (x 66B)
Class kotlin.enums.EnumEntriesList                                                    : loaded 2 times (x 219B)
Class org.gradle.internal.service.ServiceLocator                                      : loaded 2 times (x 66B)
Class org.gradle.internal.InternalTransformer                                         : loaded 2 times (x 66B)
Class org.gradle.internal.time.DefaultTimer                                           : loaded 2 times (x 76B)
Class org.gradle.internal.classloader.ClasspathUtil$1                                 : loaded 2 times (x 72B)
Class org.gradle.api.internal.classpath.DefaultModuleRegistry$DefaultModule           : loaded 2 times (x 82B)
Class org.gradle.internal.time.DefaultCountdownTimer                                  : loaded 2 times (x 84B)
Class kotlin.Function                                                                 : loaded 2 times (x 66B)
Class org.gradle.api.internal.classpath.Module                                        : loaded 2 times (x 66B)
Class org.gradle.api.internal.classpath.UnknownModuleException                        : loaded 2 times (x 78B)
Class sync_studio_tooling_cxfjnh7wml98qvi23fw09cdgu                                   : loaded 2 times (x 175B)
Class org.gradle.api.internal.DefaultClassPathRegistry                                : loaded 2 times (x 72B)
Class org.gradle.api.internal.ClassPathRegistry                                       : loaded 2 times (x 66B)
Class org.gradle.internal.classpath.DefaultClassPath$ImmutableUniqueList              : loaded 2 times (x 195B)
Class org.gradle.internal.classpath.ClassPath                                         : loaded 2 times (x 66B)
Class org.gradle.api.UncheckedIOException                                             : loaded 2 times (x 78B)
Class kotlin.UninitializedPropertyAccessException                                     : loaded 2 times (x 78B)
Class org.gradle.internal.installation.GradleInstallation$1                           : loaded 2 times (x 71B)
Class org.gradle.api.internal.classpath.ModuleRegistry                                : loaded 2 times (x 66B)
Class org.gradle.api.internal.classpath.DefaultModuleRegistry                         : loaded 2 times (x 82B)
Class ijInit1_cqzjck0xqbp6zwuqljevsuky4                                               : loaded 2 times (x 175B)
Class org.gradle.internal.time.MonotonicClock                                         : loaded 2 times (x 73B)
Class org.gradle.internal.service.ServiceLookupException                              : loaded 2 times (x 78B)
Class org.gradle.internal.classloader.ClassLoaderFactory                              : loaded 2 times (x 66B)
Class org.gradle.internal.service.CachingServiceLocator                               : loaded 2 times (x 78B)
Class org.gradle.internal.time.TimeSource                                             : loaded 2 times (x 66B)
Class kotlin.enums.EnumEntries                                                        : loaded 2 times (x 66B)
Class org.gradle.internal.exceptions.ResolutionProvider                               : loaded 2 times (x 66B)
Class org.gradle.internal.classloader.ClasspathUtil                                   : loaded 2 times (x 67B)
Class org.gradle.internal.time.TimeSource$1                                           : loaded 2 times (x 73B)
Class kotlin.jvm.internal.DefaultConstructorMarker                                    : loaded 2 times (x 67B)
Class org.gradle.api.specs.Spec                                                       : loaded 2 times (x 66B)
Class org.gradle.internal.time.Clock                                                  : loaded 2 times (x 66B)
Class kotlin.collections.AbstractList                                                 : loaded 2 times (x 193B)
Class kotlin.collections.AbstractCollection                                           : loaded 2 times (x 113B)
Class org.gradle.internal.classloader.VisitableURLClassLoader$InstrumentingVisitableURLClassLoader: loaded 2 times (x 119B)
Class org.gradle.internal.classloader.VisitableURLClassLoader$Spec                    : loaded 2 times (x 70B)
Class org.gradle.internal.classpath.DefaultClassPath                                  : loaded 2 times (x 86B)
Class org.gradle.internal.classloader.ClassLoaderSpec                                 : loaded 2 times (x 67B)
Class kotlin.Unit                                                                     : loaded 2 times (x 67B)
Class org.gradle.internal.classloader.VisitableURLClassLoader                         : loaded 2 times (x 113B)
Class org.gradle.internal.Cast                                                        : loaded 2 times (x 67B)
Class org.gradle.api.Action                                                           : loaded 2 times (x 66B)
Class kotlin.jvm.functions.Function1                                                  : loaded 2 times (x 66B)
Class org.gradle.internal.classpath.DefaultClassPath$ImmutableUniqueList$Builder      : loaded 2 times (x 71B)
Class kotlin.NotImplementedError                                                      : loaded 2 times (x 78B)
Class org.gradle.internal.exceptions.NonGradleCauseExceptionsHolder                   : loaded 2 times (x 66B)
Class org.jetbrains.plugins.gradle.tooling.ModelBuilderService$Parameter              : loaded 2 times (x 66B)
Class kotlin.enums.EnumEntriesKt                                                      : loaded 2 times (x 67B)
Class org.gradle.internal.IoActions                                                   : loaded 2 times (x 67B)
Class org.gradle.internal.classloader.SystemClassLoaderSpec                           : loaded 2 times (x 67B)
Class org.gradle.internal.exceptions.MultiCauseException                              : loaded 2 times (x 66B)
Class org.gradle.internal.time.CountdownTimer                                         : loaded 2 times (x 66B)
Class kotlin.jvm.internal.Intrinsics                                                  : loaded 2 times (x 67B)
Class org.gradle.tooling.model.ProjectModel                                           : loaded 2 times (x 66B)
Class kotlin.KotlinNullPointerException                                               : loaded 2 times (x 79B)
Class org.gradle.internal.exceptions.DefaultMultiCauseException                       : loaded 2 times (x 91B)
Class org.gradle.internal.time.Time                                                   : loaded 2 times (x 67B)
Class org.gradle.api.internal.classpath.GlobalCacheRootsProvider                      : loaded 2 times (x 66B)
Class org.gradle.internal.time.Timer                                                  : loaded 2 times (x 66B)
Class kotlin.jvm.internal.markers.KMappedMarker                                       : loaded 2 times (x 66B)
Class org.gradle.internal.installation.CurrentGradleInstallationLocator               : loaded 2 times (x 67B)
Class org.gradle.internal.service.DefaultServiceLocator                               : loaded 2 times (x 79B)
Class org.gradle.util.GradleVersion                                                   : loaded 2 times (x 79B)
Class org.gradle.internal.installation.CurrentGradleInstallation                      : loaded 2 times (x 69B)
Class org.gradle.util.internal.GUtil                                                  : loaded 2 times (x 67B)
Class org.gradle.internal.installation.GradleInstallation                             : loaded 2 times (x 71B)

---------------  S Y S T E M  ---------------

OS:
 Windows 11 , 64 bit Build 26100 (10.0.26100.5074)
OS uptime: 0 days 7:26 hours

CPU: total 12 (initial active 12) (12 cores per cpu, 1 threads per core) family 6 model 154 stepping 4 microcode 0x437, cx8, cmov, fxsr, mmx, 3dnowpref, sse, sse2, sse3, ssse3, sse4.1, sse4.2, popcnt, lzcnt, tsc, tscinvbit, avx, avx2, aes, erms, clmul, bmi1, bmi2, adx, sha, fma, vzeroupper, clflush, clflushopt, clwb, serialize, rdtscp, rdpid, fsrm, f16c, pku, cet_ibt, cet_ss
Processor Information for the first 12 processors :
  Max Mhz: 1300, Current Mhz: 1300, Mhz Limit: 1300

Memory: 4k page, system-wide physical 7876M (573M free)
TotalPageFile size 18326M (AvailPageFile size 26M)
current process WorkingSet (physical memory assigned to process): 345M, peak: 345M
current process commit charge ("private bytes"): 386M, peak: 386M

vm_info: OpenJDK 64-Bit Server VM (21.0.6+-13368085-b895.109) for windows-amd64 JRE (21.0.6+-13368085-b895.109), built on 2025-04-16T17:01:31Z by "builder" with MS VC++ 16.10 / 16.11 (VS2019)

END.
